<?xml version="1.0" encoding="UTF-8"?>
<!-- Generated by org.testng.reporters.JUnitXMLReporter -->
<testsuite ignored="1" hostname="Ajeets-MacBook-Air.local" failures="0" tests="5" name="Default test" time="42.66" errors="0" timestamp="2025-06-07T16:05:50 AEST">
  <testcase classname="com.planit.tests.testcases.ContactFormTest" name="testValidFormSubmission" time="6.256"/>
  <testcase classname="com.planit.tests.testcases.ContactFormTest" name="testValidFormSubmission" time="4.386"/>
  <testcase classname="com.planit.tests.testcases.ContactFormTest" name="testValidFormSubmission" time="3.578"/>
  <testcase classname="com.planit.tests.testcases.ContactFormTest" name="testValidFormSubmission" time="2.402"/>
  <testcase classname="com.planit.tests.testcases.ContactFormTest" name="testValidFormSubmission" time="12.964"/>
  <testcase classname="com.planit.tests.testcases.ContactFormTest" name="testEmptyFormValidation" time="0.0">
    <ignored/>
  </testcase> <!-- testEmptyFormValidation -->
</testsuite> <!-- Default test -->
