<?xml version="1.0" encoding="UTF-8"?>
<!-- Generated by org.testng.reporters.JUnitXMLReporter -->
<testsuite ignored="1" hostname="Ajeets-MacBook-Air.local" failures="0" tests="5" name="Default test" time="46.429" errors="0" timestamp="2025-06-01T20:47:08 AEST">
  <testcase classname="com.planit.tests.testcases.ContactFormTest" name="testValidFormSubmission" time="7.21"/>
  <testcase classname="com.planit.tests.testcases.ContactFormTest" name="testValidFormSubmission" time="4.425"/>
  <testcase classname="com.planit.tests.testcases.ContactFormTest" name="testValidFormSubmission" time="15.708"/>
  <testcase classname="com.planit.tests.testcases.ContactFormTest" name="testValidFormSubmission" time="3.581"/>
  <testcase classname="com.planit.tests.testcases.ContactFormTest" name="testValidFormSubmission" time="2.593"/>
  <testcase classname="com.planit.tests.testcases.ContactFormTest" name="testEmptyFormValidation" time="0.0">
    <ignored/>
  </testcase> <!-- testEmptyFormValidation -->
</testsuite> <!-- Default test -->
