<?xml version="1.0" encoding="UTF-8"?>
<!-- Generated by org.testng.reporters.JUnitXMLReporter -->
<testsuite ignored="2" hostname="Ajeets-MacBook-Air.local" failures="0" tests="7" name="Test" time="56.341" errors="0" timestamp="2025-06-02T09:53:09 AEST">
  <testcase classname="com.planit.tests.testcases.ShoppingCartTest" name="testAddProductsToCart" time="8.701"/>
  <testcase classname="com.planit.tests.testcases.ContactFormTest" name="testEmptyFormValidation" time="4.618"/>
  <testcase classname="com.planit.tests.testcases.ContactFormTest" name="testValidFormSubmission" time="4.13"/>
  <testcase classname="com.planit.tests.testcases.ContactFormTest" name="testValidFormSubmission" time="3.263"/>
  <testcase classname="com.planit.tests.testcases.ContactFormTest" name="testValidFormSubmission" time="2.728"/>
  <testcase classname="com.planit.tests.testcases.ContactFormTest" name="testValidFormSubmission" time="13.8"/>
  <testcase classname="com.planit.tests.testcases.ContactFormTest" name="testValidFormSubmission" time="3.882"/>
  <testcase classname="com.planit.tests.base.BaseTest" name="@AfterTest teardown" time="0.0">
    <ignored/>
  </testcase> <!-- @AfterTest teardown -->
  <testcase classname="com.planit.tests.base.BaseTest" name="@BeforeTest setup" time="0.0">
    <ignored/>
  </testcase> <!-- @BeforeTest setup -->
</testsuite> <!-- Test -->
