<?xml version="1.0" encoding="UTF-8"?>
<!-- Generated by org.testng.reporters.JUnitXMLReporter -->
<testsuite ignored="2" hostname="Ajeets-MacBook-Air.local" failures="0" tests="7" name="Test" time="60.961" errors="0" timestamp="2025-06-02T21:55:30 AEST">
  <testcase classname="com.planit.tests.testcases.ShoppingCartTest" name="testAddProductsToCart" time="10.694"/>
  <testcase classname="com.planit.tests.testcases.ContactFormTest" name="testEmptyFormValidation" time="4.886"/>
  <testcase classname="com.planit.tests.testcases.ContactFormTest" name="testValidFormSubmission" time="4.969"/>
  <testcase classname="com.planit.tests.testcases.ContactFormTest" name="testValidFormSubmission" time="3.104"/>
  <testcase classname="com.planit.tests.testcases.ContactFormTest" name="testValidFormSubmission" time="13.029"/>
  <testcase classname="com.planit.tests.testcases.ContactFormTest" name="testValidFormSubmission" time="2.831"/>
  <testcase classname="com.planit.tests.testcases.ContactFormTest" name="testValidFormSubmission" time="6.555"/>
  <testcase classname="com.planit.tests.base.BaseTest" name="@AfterTest teardown" time="0.0">
    <ignored/>
  </testcase> <!-- @AfterTest teardown -->
  <testcase classname="com.planit.tests.base.BaseTest" name="@BeforeTest setup" time="0.0">
    <ignored/>
  </testcase> <!-- @BeforeTest setup -->
</testsuite> <!-- Test -->
