<?xml version="1.0" encoding="UTF-8"?>
<!-- Generated by org.testng.reporters.JUnitXMLReporter -->
<testsuite ignored="2" hostname="Ajeets-MacBook-Air.local" failures="0" tests="7" name="Test" time="78.289" errors="0" timestamp="2025-06-01T11:25:25 AEST">
  <testcase classname="com.planit.tests.testcases.ShoppingCartTest" name="testAddProductsToCart" time="8.33"/>
  <testcase classname="com.planit.tests.testcases.ContactFormTest" name="testEmptyFormValidation" time="5.007"/>
  <testcase classname="com.planit.tests.testcases.ContactFormTest" name="testValidFormSubmission" time="15.588"/>
  <testcase classname="com.planit.tests.testcases.ContactFormTest" name="testValidFormSubmission" time="11.94"/>
  <testcase classname="com.planit.tests.testcases.ContactFormTest" name="testValidFormSubmission" time="1.897"/>
  <testcase classname="com.planit.tests.testcases.ContactFormTest" name="testValidFormSubmission" time="11.635"/>
  <testcase classname="com.planit.tests.testcases.ContactFormTest" name="testValidFormSubmission" time="5.989"/>
  <testcase classname="com.planit.tests.base.BaseTest" name="@AfterTest teardown" time="0.0">
    <ignored/>
  </testcase> <!-- @AfterTest teardown -->
  <testcase classname="com.planit.tests.base.BaseTest" name="@BeforeTest setup" time="0.0">
    <ignored/>
  </testcase> <!-- @BeforeTest setup -->
</testsuite> <!-- Test -->
