[2025-05-31 18:50:52] [INFO] com.planit.tests.pages.ShoppingCartPage - user action on shop 
[2025-05-31 18:50:53] [INFO] com.planit.tests.pages.ShoppingCartPage - price of product: 10.99
[2025-05-31 18:50:53] [INFO] com.planit.tests.pages.ShoppingCartPage - Name of product the: 'Funny Cow' Price is $By.xpath: //h4[text()='Funny Cow']/following::a[contains(text(),'Buy')][1]
[2025-05-31 18:50:54] [INFO] com.planit.tests.pages.ShoppingCartPage - Name of product the: 'Funny Cow' Price is $By.xpath: //h4[text()='Funny Cow']/following::a[contains(text(),'Buy')][1]
[2025-05-31 18:50:54] [INFO] com.planit.tests.pages.ShoppingCartPage - price of product: Funny Cow : unitPrice
[2025-05-31 18:50:54] [INFO] com.planit.tests.pages.ShoppingCartPage - price of product: 9.99
[2025-05-31 18:50:54] [INFO] com.planit.tests.pages.ShoppingCartPage - Name of product the: 'Fluffy Bunny' Price is $By.xpath: //h4[text()='Fluffy Bunny']/following::a[contains(text(),'Buy')][1]
[2025-05-31 18:50:54] [INFO] com.planit.tests.pages.ShoppingCartPage - Name of product the: 'Fluffy Bunny' Price is $By.xpath: //h4[text()='Fluffy Bunny']/following::a[contains(text(),'Buy')][1]
[2025-05-31 18:50:54] [INFO] com.planit.tests.pages.ShoppingCartPage - Name of product the: 'Fluffy Bunny' Price is $By.xpath: //h4[text()='Fluffy Bunny']/following::a[contains(text(),'Buy')][1]
[2025-05-31 18:50:54] [INFO] com.planit.tests.pages.ShoppingCartPage - Name of product the: 'Fluffy Bunny' Price is $By.xpath: //h4[text()='Fluffy Bunny']/following::a[contains(text(),'Buy')][1]
[2025-05-31 18:50:55] [INFO] com.planit.tests.pages.ShoppingCartPage - Name of product the: 'Fluffy Bunny' Price is $By.xpath: //h4[text()='Fluffy Bunny']/following::a[contains(text(),'Buy')][1]
[2025-05-31 18:50:55] [INFO] com.planit.tests.pages.ShoppingCartPage - price of product: Fluffy Bunny : unitPrice
[2025-05-31 18:50:55] [INFO] com.planit.tests.pages.ShoppingCartPage - price of product: 14.99
[2025-05-31 18:50:55] [INFO] com.planit.tests.pages.ShoppingCartPage - Name of product the: 'Valentine Bear' Price is $By.xpath: //h4[text()='Valentine Bear']/following::a[contains(text(),'Buy')][1]
[2025-05-31 18:50:55] [INFO] com.planit.tests.pages.ShoppingCartPage - Name of product the: 'Valentine Bear' Price is $By.xpath: //h4[text()='Valentine Bear']/following::a[contains(text(),'Buy')][1]
[2025-05-31 18:50:55] [INFO] com.planit.tests.pages.ShoppingCartPage - Name of product the: 'Valentine Bear' Price is $By.xpath: //h4[text()='Valentine Bear']/following::a[contains(text(),'Buy')][1]
[2025-05-31 18:50:55] [INFO] com.planit.tests.pages.ShoppingCartPage - price of product: Valentine Bear : unitPrice
[2025-05-31 18:50:57] [INFO] com.planit.tests.pages.ShoppingCartPage - user action on cartPage
[2025-05-31 18:50:59] [INFO] com.planit.tests.pages.ShoppingCartPage - web sub total value: 44.97
[2025-05-31 18:50:59] [INFO] com.planit.tests.pages.ShoppingCartPage - product nameValentine Bear Product Price on web 14.99 Qty:3
[2025-05-31 18:50:59] [ERROR] com.planit.tests.pages.ShoppingCartPage -  validation failed in ShoppingCartPage Class
[2025-05-31 18:51:00] [INFO] com.planit.tests.pages.ShoppingCartPage -  web total of all product:116.9
[2025-05-31 18:51:00] [INFO] com.planit.tests.pages.ShoppingCartPage - get the value of total from web nav bar116.9
[2025-05-31 19:15:07] [INFO] com.planit.tests.base.BaseTest - Browser started in chrome
[2025-05-31 19:15:11] [INFO] com.planit.tests.pages.ContactPage - user navigated in contact form
[2025-05-31 19:15:14] [INFO] com.planit.tests.pages.ContactPage - user perform click on on blank input
[2025-05-31 19:15:14] [INFO] com.planit.tests.pages.ContactPage - validation for blank error
[2025-05-31 19:15:14] [INFO] com.planit.tests.pages.ContactPage - validation for blank error
[2025-05-31 19:15:14] [INFO] com.planit.tests.pages.ContactPage - validation for blank error
[2025-05-31 19:15:16] [INFO] com.planit.tests.pages.ContactPage - validation for blank error gone
[2025-05-31 19:15:16] [INFO] com.planit.tests.pages.ContactPage - validation for blank error gone
[2025-05-31 19:15:16] [INFO] com.planit.tests.pages.ContactPage - validation for blank error gone
[2025-05-31 19:15:17] [INFO] com.planit.tests.pages.ContactPage - user navigated in contact form
[2025-05-31 19:15:18] [INFO] com.planit.tests.pages.ContactPage - user perform click on on blank input
[2025-05-31 19:15:18] [INFO] com.planit.tests.pages.ContactPage - waiting for pop-up
[2025-05-31 19:15:21] [INFO] com.planit.tests.pages.ContactPage - validation for Success message
[2025-05-31 19:15:21] [INFO] com.planit.tests.pages.ContactPage - user perform back operation on success screen
[2025-05-31 19:15:22] [INFO] com.planit.tests.pages.ContactPage - user navigated in contact form
[2025-05-31 19:15:23] [INFO] com.planit.tests.pages.ContactPage - user perform click on on blank input
[2025-05-31 19:15:23] [INFO] com.planit.tests.pages.ContactPage - waiting for pop-up
[2025-05-31 19:15:25] [INFO] com.planit.tests.pages.ContactPage - validation for Success message
[2025-05-31 19:15:26] [INFO] com.planit.tests.pages.ContactPage - user perform back operation on success screen
[2025-05-31 19:15:26] [INFO] com.planit.tests.pages.ContactPage - user navigated in contact form
[2025-05-31 19:15:27] [INFO] com.planit.tests.pages.ContactPage - user perform click on on blank input
[2025-05-31 19:15:27] [INFO] com.planit.tests.pages.ContactPage - waiting for pop-up
[2025-05-31 19:15:30] [INFO] com.planit.tests.pages.ContactPage - validation for Success message
[2025-05-31 19:15:30] [INFO] com.planit.tests.pages.ContactPage - user perform back operation on success screen
[2025-05-31 19:15:30] [INFO] com.planit.tests.pages.ContactPage - user navigated in contact form
[2025-05-31 19:15:31] [INFO] com.planit.tests.pages.ContactPage - user perform click on on blank input
[2025-05-31 19:15:31] [INFO] com.planit.tests.pages.ContactPage - waiting for pop-up
[2025-05-31 19:15:42] [INFO] com.planit.tests.pages.ContactPage - validation for Success message
[2025-05-31 19:15:42] [INFO] com.planit.tests.pages.ContactPage - user perform back operation on success screen
[2025-05-31 19:15:42] [INFO] com.planit.tests.pages.ContactPage - user navigated in contact form
[2025-05-31 19:15:43] [INFO] com.planit.tests.pages.ContactPage - user perform click on on blank input
[2025-05-31 19:15:43] [INFO] com.planit.tests.pages.ContactPage - waiting for pop-up
[2025-05-31 19:15:50] [INFO] com.planit.tests.pages.ContactPage - validation for Success message
[2025-05-31 19:15:51] [INFO] com.planit.tests.pages.ContactPage - user perform back operation on success screen
[2025-05-31 19:15:51] [INFO] com.planit.tests.base.BaseTest - Browser closed
[2025-05-31 19:36:23] [INFO] com.planit.tests.base.BaseTest - Browser started in chrome
[2025-05-31 19:36:27] [INFO] com.planit.tests.pages.ContactPage - user navigated in contact form
[2025-05-31 19:36:30] [INFO] com.planit.tests.pages.ContactPage - user perform click on on blank input
[2025-05-31 19:36:30] [INFO] com.planit.tests.pages.ContactPage - validation for blank error
[2025-05-31 19:36:31] [INFO] com.planit.tests.pages.ContactPage - validation for blank error
[2025-05-31 19:36:31] [INFO] com.planit.tests.pages.ContactPage - validation for blank error
[2025-05-31 19:36:32] [INFO] com.planit.tests.pages.ContactPage - validation for blank error gone
[2025-05-31 19:36:33] [INFO] com.planit.tests.pages.ContactPage - validation for blank error gone
[2025-05-31 19:36:33] [INFO] com.planit.tests.pages.ContactPage - validation for blank error gone
[2025-05-31 19:36:33] [INFO] com.planit.tests.pages.ContactPage - user navigated in contact form
[2025-05-31 19:36:34] [INFO] com.planit.tests.pages.ContactPage - user perform click on on blank input
[2025-05-31 19:36:34] [INFO] com.planit.tests.pages.ContactPage - validation for blank error
[2025-05-31 19:36:45] [INFO] com.planit.tests.pages.ContactPage - user navigated in contact form
[2025-05-31 19:36:55] [INFO] com.planit.tests.base.BaseTest - Browser closed
[2025-05-31 19:38:09] [INFO] com.planit.tests.base.BaseTest - Browser started in chrome
[2025-05-31 19:38:12] [INFO] com.planit.tests.base.BaseTest - Browser closed
[2025-05-31 19:41:54] [INFO] com.planit.tests.base.BaseTest - Browser started in chrome
[2025-05-31 19:41:58] [INFO] com.planit.tests.pages.ContactPage - user navigated in contact form
[2025-05-31 19:42:02] [INFO] com.planit.tests.pages.ContactPage - user perform click on on blank input
[2025-05-31 19:42:02] [INFO] com.planit.tests.pages.ContactPage - waiting for pop-up
[2025-05-31 19:42:08] [INFO] com.planit.tests.pages.ContactPage - validation for Success message
[2025-05-31 19:42:08] [INFO] com.planit.tests.pages.ContactPage - user perform back operation on success screen
[2025-05-31 19:42:08] [INFO] com.planit.tests.pages.ContactPage - user navigated in contact form
[2025-05-31 19:42:10] [INFO] com.planit.tests.pages.ContactPage - user perform click on on blank input
[2025-05-31 19:42:10] [INFO] com.planit.tests.pages.ContactPage - waiting for pop-up
[2025-05-31 19:42:14] [INFO] com.planit.tests.pages.ContactPage - validation for Success message
[2025-05-31 19:42:14] [INFO] com.planit.tests.pages.ContactPage - user perform back operation on success screen
[2025-05-31 19:42:14] [INFO] com.planit.tests.pages.ContactPage - user navigated in contact form
[2025-05-31 19:42:17] [INFO] com.planit.tests.pages.ContactPage - user perform click on on blank input
[2025-05-31 19:42:17] [INFO] com.planit.tests.pages.ContactPage - waiting for pop-up
[2025-05-31 19:42:18] [INFO] com.planit.tests.pages.ContactPage - validation for Success message
[2025-05-31 19:42:19] [INFO] com.planit.tests.pages.ContactPage - user perform back operation on success screen
[2025-05-31 19:42:19] [INFO] com.planit.tests.pages.ContactPage - user navigated in contact form
[2025-05-31 19:42:19] [INFO] com.planit.tests.pages.ContactPage - user perform click on on blank input
[2025-05-31 19:42:19] [INFO] com.planit.tests.pages.ContactPage - waiting for pop-up
[2025-05-31 19:42:30] [INFO] com.planit.tests.pages.ContactPage - validation for Success message
[2025-05-31 19:42:30] [INFO] com.planit.tests.pages.ContactPage - user perform back operation on success screen
[2025-05-31 19:42:31] [INFO] com.planit.tests.pages.ContactPage - user navigated in contact form
[2025-05-31 19:42:31] [INFO] com.planit.tests.pages.ContactPage - user perform click on on blank input
[2025-05-31 19:42:31] [INFO] com.planit.tests.pages.ContactPage - waiting for pop-up
[2025-05-31 19:42:34] [INFO] com.planit.tests.pages.ContactPage - validation for Success message
[2025-05-31 19:42:34] [INFO] com.planit.tests.pages.ContactPage - user perform back operation on success screen
[2025-05-31 19:42:34] [INFO] com.planit.tests.pages.ContactPage - user navigated in contact form
[2025-05-31 19:42:35] [INFO] com.planit.tests.pages.ContactPage - user perform click on on blank input
[2025-05-31 19:42:35] [INFO] com.planit.tests.pages.ContactPage - waiting for pop-up
[2025-05-31 19:42:44] [INFO] com.planit.tests.pages.ContactPage - validation for Success message
[2025-05-31 19:42:44] [INFO] com.planit.tests.pages.ContactPage - user perform back operation on success screen
[2025-05-31 19:42:44] [INFO] com.planit.tests.pages.ContactPage - user navigated in contact form
[2025-05-31 19:42:45] [INFO] com.planit.tests.pages.ContactPage - user perform click on on blank input
[2025-05-31 19:42:45] [INFO] com.planit.tests.pages.ContactPage - waiting for pop-up
[2025-05-31 19:42:50] [INFO] com.planit.tests.pages.ContactPage - validation for Success message
[2025-05-31 19:42:51] [INFO] com.planit.tests.pages.ContactPage - user perform back operation on success screen
[2025-05-31 19:42:51] [INFO] com.planit.tests.pages.ContactPage - user navigated in contact form
[2025-05-31 19:42:51] [INFO] com.planit.tests.pages.ContactPage - user perform click on on blank input
[2025-05-31 19:42:51] [INFO] com.planit.tests.pages.ContactPage - waiting for pop-up
[2025-05-31 19:42:53] [INFO] com.planit.tests.pages.ContactPage - validation for Success message
[2025-05-31 19:42:53] [INFO] com.planit.tests.pages.ContactPage - user perform back operation on success screen
[2025-05-31 19:42:53] [INFO] com.planit.tests.pages.ContactPage - user navigated in contact form
[2025-05-31 19:42:54] [INFO] com.planit.tests.pages.ContactPage - user perform click on on blank input
[2025-05-31 19:42:54] [INFO] com.planit.tests.pages.ContactPage - waiting for pop-up
[2025-05-31 19:42:56] [INFO] com.planit.tests.pages.ContactPage - validation for Success message
[2025-05-31 19:42:56] [INFO] com.planit.tests.pages.ContactPage - user perform back operation on success screen
[2025-05-31 19:42:57] [INFO] com.planit.tests.pages.ContactPage - user navigated in contact form
[2025-05-31 19:42:57] [INFO] com.planit.tests.pages.ContactPage - user perform click on on blank input
[2025-05-31 19:42:57] [INFO] com.planit.tests.pages.ContactPage - waiting for pop-up
[2025-05-31 19:42:59] [INFO] com.planit.tests.pages.ContactPage - validation for Success message
[2025-05-31 19:42:59] [INFO] com.planit.tests.pages.ContactPage - user perform back operation on success screen
[2025-05-31 19:42:59] [INFO] com.planit.tests.pages.ContactPage - user navigated in contact form
[2025-05-31 19:43:00] [INFO] com.planit.tests.pages.ContactPage - user perform click on on blank input
[2025-05-31 19:43:00] [INFO] com.planit.tests.pages.ContactPage - waiting for pop-up
[2025-05-31 19:43:03] [INFO] com.planit.tests.pages.ContactPage - validation for Success message
[2025-05-31 19:43:03] [INFO] com.planit.tests.pages.ContactPage - user perform back operation on success screen
[2025-05-31 19:43:03] [INFO] com.planit.tests.pages.ContactPage - user navigated in contact form
[2025-05-31 19:43:03] [INFO] com.planit.tests.pages.ContactPage - user perform click on on blank input
[2025-05-31 19:43:03] [INFO] com.planit.tests.pages.ContactPage - waiting for pop-up
[2025-05-31 19:43:07] [INFO] com.planit.tests.pages.ContactPage - validation for Success message
[2025-05-31 19:43:07] [INFO] com.planit.tests.pages.ContactPage - user perform back operation on success screen
[2025-05-31 19:43:07] [INFO] com.planit.tests.pages.ContactPage - user navigated in contact form
[2025-05-31 19:43:08] [INFO] com.planit.tests.pages.ContactPage - user perform click on on blank input
[2025-05-31 19:43:08] [INFO] com.planit.tests.pages.ContactPage - waiting for pop-up
[2025-05-31 19:43:19] [INFO] com.planit.tests.pages.ContactPage - validation for Success message
[2025-05-31 19:43:19] [INFO] com.planit.tests.pages.ContactPage - user perform back operation on success screen
[2025-05-31 19:43:19] [INFO] com.planit.tests.pages.ContactPage - user navigated in contact form
[2025-05-31 19:43:20] [INFO] com.planit.tests.pages.ContactPage - user perform click on on blank input
[2025-05-31 19:43:20] [INFO] com.planit.tests.pages.ContactPage - waiting for pop-up
[2025-05-31 19:43:25] [INFO] com.planit.tests.pages.ContactPage - validation for Success message
[2025-05-31 19:43:25] [INFO] com.planit.tests.pages.ContactPage - user perform back operation on success screen
[2025-05-31 19:43:25] [INFO] com.planit.tests.pages.ContactPage - user navigated in contact form
[2025-05-31 19:43:25] [INFO] com.planit.tests.pages.ContactPage - user perform click on on blank input
[2025-05-31 19:43:25] [INFO] com.planit.tests.pages.ContactPage - waiting for pop-up
[2025-05-31 19:43:27] [INFO] com.planit.tests.pages.ContactPage - validation for Success message
[2025-05-31 19:43:27] [INFO] com.planit.tests.pages.ContactPage - user perform back operation on success screen
[2025-05-31 19:43:27] [INFO] com.planit.tests.base.BaseTest - Browser closed
[2025-05-31 20:30:39] [INFO] com.planit.tests.listeners.TestListener - === Test Suite started ===
[2025-05-31 20:30:52] [INFO] com.planit.tests.base.BaseTest - Browser started in chrome
[2025-05-31 20:30:56] [INFO] com.planit.tests.listeners.TestListener - üü° Test started: testAddProductsToCart
[2025-05-31 20:30:57] [INFO] com.planit.tests.pages.ShoppingCartPage - user action on shop 
[2025-05-31 20:30:57] [INFO] com.planit.tests.pages.ShoppingCartPage - price of product: 10.99
[2025-05-31 20:30:58] [INFO] com.planit.tests.pages.ShoppingCartPage - Name of product the: 'Funny Cow' Price is $By.xpath: //h4[text()='Funny Cow']/following::a[contains(text(),'Buy')][1]
[2025-05-31 20:30:58] [INFO] com.planit.tests.pages.ShoppingCartPage - Name of product the: 'Funny Cow' Price is $By.xpath: //h4[text()='Funny Cow']/following::a[contains(text(),'Buy')][1]
[2025-05-31 20:30:58] [INFO] com.planit.tests.pages.ShoppingCartPage - price of product: Funny Cow : unitPrice
[2025-05-31 20:30:59] [INFO] com.planit.tests.pages.ShoppingCartPage - price of product: 9.99
[2025-05-31 20:30:59] [INFO] com.planit.tests.pages.ShoppingCartPage - Name of product the: 'Fluffy Bunny' Price is $By.xpath: //h4[text()='Fluffy Bunny']/following::a[contains(text(),'Buy')][1]
[2025-05-31 20:30:59] [INFO] com.planit.tests.pages.ShoppingCartPage - Name of product the: 'Fluffy Bunny' Price is $By.xpath: //h4[text()='Fluffy Bunny']/following::a[contains(text(),'Buy')][1]
[2025-05-31 20:30:59] [INFO] com.planit.tests.pages.ShoppingCartPage - Name of product the: 'Fluffy Bunny' Price is $By.xpath: //h4[text()='Fluffy Bunny']/following::a[contains(text(),'Buy')][1]
[2025-05-31 20:30:59] [INFO] com.planit.tests.pages.ShoppingCartPage - Name of product the: 'Fluffy Bunny' Price is $By.xpath: //h4[text()='Fluffy Bunny']/following::a[contains(text(),'Buy')][1]
[2025-05-31 20:31:00] [INFO] com.planit.tests.pages.ShoppingCartPage - Name of product the: 'Fluffy Bunny' Price is $By.xpath: //h4[text()='Fluffy Bunny']/following::a[contains(text(),'Buy')][1]
[2025-05-31 20:31:00] [INFO] com.planit.tests.pages.ShoppingCartPage - price of product: Fluffy Bunny : unitPrice
[2025-05-31 20:31:00] [INFO] com.planit.tests.pages.ShoppingCartPage - price of product: 14.99
[2025-05-31 20:31:00] [INFO] com.planit.tests.pages.ShoppingCartPage - Name of product the: 'Valentine Bear' Price is $By.xpath: //h4[text()='Valentine Bear']/following::a[contains(text(),'Buy')][1]
[2025-05-31 20:31:01] [INFO] com.planit.tests.pages.ShoppingCartPage - Name of product the: 'Valentine Bear' Price is $By.xpath: //h4[text()='Valentine Bear']/following::a[contains(text(),'Buy')][1]
[2025-05-31 20:31:01] [INFO] com.planit.tests.pages.ShoppingCartPage - Name of product the: 'Valentine Bear' Price is $By.xpath: //h4[text()='Valentine Bear']/following::a[contains(text(),'Buy')][1]
[2025-05-31 20:31:01] [INFO] com.planit.tests.pages.ShoppingCartPage - price of product: Valentine Bear : unitPrice
[2025-05-31 20:31:03] [INFO] com.planit.tests.pages.ShoppingCartPage - user action on cartPage
[2025-05-31 20:31:06] [INFO] com.planit.tests.pages.ShoppingCartPage - web sub total value: 49.95
[2025-05-31 20:31:06] [INFO] com.planit.tests.pages.ShoppingCartPage - Product Price on web 9.99
[2025-05-31 20:31:06] [INFO] com.planit.tests.pages.ShoppingCartPage - web sub total value: 44.97
[2025-05-31 20:31:06] [INFO] com.planit.tests.pages.ShoppingCartPage - Product Price on web 14.99
[2025-05-31 20:31:07] [INFO] com.planit.tests.pages.ShoppingCartPage -  web total of all product:116.9
[2025-05-31 20:31:07] [INFO] com.planit.tests.pages.ShoppingCartPage - get the value of total from web nav bar116.9
[2025-05-31 20:31:07] [INFO] com.planit.tests.listeners.TestListener - ‚úÖ Test passed: testAddProductsToCart
[2025-05-31 20:31:07] [INFO] com.planit.tests.listeners.TestListener - üü° Test started: testEmptyFormValidation
[2025-05-31 20:31:07] [INFO] com.planit.tests.pages.ContactPage - user navigated in contact form
[2025-05-31 20:31:09] [INFO] com.planit.tests.pages.ContactPage - user perform click on on blank input
[2025-05-31 20:31:09] [INFO] com.planit.tests.pages.ContactPage - validation for blank error
[2025-05-31 20:31:10] [INFO] com.planit.tests.pages.ContactPage - validation for blank error
[2025-05-31 20:31:10] [INFO] com.planit.tests.pages.ContactPage - validation for blank error
[2025-05-31 20:31:11] [INFO] com.planit.tests.pages.ContactPage - validation for blank error gone
[2025-05-31 20:31:11] [INFO] com.planit.tests.pages.ContactPage - validation for blank error gone
[2025-05-31 20:31:11] [INFO] com.planit.tests.pages.ContactPage - validation for blank error gone
[2025-05-31 20:31:11] [INFO] com.planit.tests.listeners.TestListener - ‚úÖ Test passed: testEmptyFormValidation
[2025-05-31 20:31:11] [ERROR] com.planit.tests.listeners.TestListener - ‚ùå Test failed: testEmptyFormValidation
[2025-05-31 20:31:11] [INFO] com.planit.tests.listeners.TestListener - üü° Test started: testValidFormSubmission
[2025-05-31 20:31:12] [INFO] com.planit.tests.pages.ContactPage - user navigated in contact form
[2025-05-31 20:31:13] [INFO] com.planit.tests.pages.ContactPage - user perform click on on blank input
[2025-05-31 20:31:13] [INFO] com.planit.tests.pages.ContactPage - waiting for pop-up
[2025-05-31 20:31:16] [INFO] com.planit.tests.pages.ContactPage - validation for Success message
[2025-05-31 20:31:17] [INFO] com.planit.tests.pages.ContactPage - user perform back operation on success screen
[2025-05-31 20:31:17] [INFO] com.planit.tests.pages.ContactPage - user navigated in contact form
[2025-05-31 20:31:18] [INFO] com.planit.tests.pages.ContactPage - user perform click on on blank input
[2025-05-31 20:31:18] [INFO] com.planit.tests.pages.ContactPage - waiting for pop-up
[2025-05-31 20:31:29] [INFO] com.planit.tests.pages.ContactPage - validation for Success message
[2025-05-31 20:31:29] [INFO] com.planit.tests.pages.ContactPage - user perform back operation on success screen
[2025-05-31 20:31:29] [INFO] com.planit.tests.pages.ContactPage - user navigated in contact form
[2025-05-31 20:31:29] [INFO] com.planit.tests.pages.ContactPage - user perform click on on blank input
[2025-05-31 20:31:29] [INFO] com.planit.tests.pages.ContactPage - waiting for pop-up
[2025-05-31 20:31:34] [INFO] com.planit.tests.pages.ContactPage - validation for Success message
[2025-05-31 20:31:34] [INFO] com.planit.tests.pages.ContactPage - user perform back operation on success screen
[2025-05-31 20:31:34] [INFO] com.planit.tests.pages.ContactPage - user navigated in contact form
[2025-05-31 20:31:35] [INFO] com.planit.tests.pages.ContactPage - user perform click on on blank input
[2025-05-31 20:31:35] [INFO] com.planit.tests.pages.ContactPage - waiting for pop-up
[2025-05-31 20:31:37] [INFO] com.planit.tests.pages.ContactPage - validation for Success message
[2025-05-31 20:31:37] [INFO] com.planit.tests.pages.ContactPage - user perform back operation on success screen
[2025-05-31 20:31:37] [INFO] com.planit.tests.pages.ContactPage - user navigated in contact form
[2025-05-31 20:31:38] [INFO] com.planit.tests.pages.ContactPage - user perform click on on blank input
[2025-05-31 20:31:38] [INFO] com.planit.tests.pages.ContactPage - waiting for pop-up
[2025-05-31 20:31:49] [INFO] com.planit.tests.pages.ContactPage - validation for Success message
[2025-05-31 20:31:49] [INFO] com.planit.tests.pages.ContactPage - user perform back operation on success screen
[2025-05-31 20:31:49] [INFO] com.planit.tests.listeners.TestListener - ‚úÖ Test passed: testValidFormSubmission
[2025-05-31 20:31:49] [ERROR] com.planit.tests.listeners.TestListener - ‚ùå Test failed: testValidFormSubmission
[2025-05-31 20:31:49] [INFO] com.planit.tests.base.BaseTest - Browser closed
[2025-05-31 20:31:49] [INFO] com.planit.tests.listeners.TestListener - === Test Suite finished ===
[2025-05-31 20:38:26] [INFO] com.planit.tests.base.BaseTest - Browser started in chrome
[2025-05-31 20:38:30] [INFO] com.planit.tests.pages.ContactPage - user navigated in contact form
[2025-05-31 20:38:33] [INFO] com.planit.tests.pages.ContactPage - user perform click on on blank input
[2025-05-31 20:38:33] [INFO] com.planit.tests.pages.ContactPage - validation for blank error
[2025-05-31 20:38:33] [INFO] com.planit.tests.pages.ContactPage - validation for blank error
[2025-05-31 20:38:33] [INFO] com.planit.tests.pages.ContactPage - validation for blank error
[2025-05-31 20:38:35] [INFO] com.planit.tests.pages.ContactPage - validation for blank error gone
[2025-05-31 20:38:35] [INFO] com.planit.tests.pages.ContactPage - validation for blank error gone
[2025-05-31 20:38:35] [INFO] com.planit.tests.pages.ContactPage - validation for blank error gone
[2025-05-31 20:38:36] [INFO] com.planit.tests.pages.ContactPage - user navigated in contact form
[2025-05-31 20:38:37] [INFO] com.planit.tests.pages.ContactPage - user perform click on on blank input
[2025-05-31 20:38:37] [INFO] com.planit.tests.pages.ContactPage - waiting for pop-up
[2025-05-31 20:38:42] [INFO] com.planit.tests.pages.ContactPage - validation for Success message
[2025-05-31 20:38:42] [INFO] com.planit.tests.pages.ContactPage - user perform back operation on success screen
[2025-05-31 20:38:42] [INFO] com.planit.tests.pages.ContactPage - user navigated in contact form
[2025-05-31 20:38:44] [INFO] com.planit.tests.pages.ContactPage - user perform click on on blank input
[2025-05-31 20:38:44] [INFO] com.planit.tests.pages.ContactPage - waiting for pop-up
[2025-05-31 20:38:57] [INFO] com.planit.tests.pages.ContactPage - validation for Success message
[2025-05-31 20:38:57] [INFO] com.planit.tests.pages.ContactPage - user perform back operation on success screen
[2025-05-31 20:38:57] [INFO] com.planit.tests.pages.ContactPage - user navigated in contact form
[2025-05-31 20:38:58] [INFO] com.planit.tests.pages.ContactPage - user perform click on on blank input
[2025-05-31 20:38:58] [INFO] com.planit.tests.pages.ContactPage - waiting for pop-up
[2025-05-31 20:39:05] [INFO] com.planit.tests.pages.ContactPage - validation for Success message
[2025-05-31 20:39:05] [INFO] com.planit.tests.pages.ContactPage - user perform back operation on success screen
[2025-05-31 20:39:05] [INFO] com.planit.tests.pages.ContactPage - user navigated in contact form
[2025-05-31 20:39:06] [INFO] com.planit.tests.pages.ContactPage - user perform click on on blank input
[2025-05-31 20:39:06] [INFO] com.planit.tests.pages.ContactPage - waiting for pop-up
[2025-05-31 20:39:13] [INFO] com.planit.tests.pages.ContactPage - validation for Success message
[2025-05-31 20:39:13] [INFO] com.planit.tests.pages.ContactPage - user perform back operation on success screen
[2025-05-31 20:39:13] [INFO] com.planit.tests.pages.ContactPage - user navigated in contact form
[2025-05-31 20:39:14] [INFO] com.planit.tests.pages.ContactPage - user perform click on on blank input
[2025-05-31 20:39:14] [INFO] com.planit.tests.pages.ContactPage - waiting for pop-up
[2025-05-31 20:39:24] [INFO] com.planit.tests.pages.ContactPage - validation for Success message
[2025-05-31 20:39:24] [INFO] com.planit.tests.pages.ContactPage - user perform back operation on success screen
[2025-05-31 20:39:25] [INFO] com.planit.tests.base.BaseTest - Browser closed
[2025-05-31 20:41:06] [INFO] com.planit.tests.base.BaseTest - Browser started in chrome
[2025-05-31 20:41:11] [INFO] com.planit.tests.pages.ContactPage - user navigated in contact form
[2025-05-31 20:41:12] [INFO] com.planit.tests.pages.ContactPage - user perform click on on blank input
[2025-05-31 20:41:12] [INFO] com.planit.tests.pages.ContactPage - validation for blank error
[2025-05-31 20:41:13] [INFO] com.planit.tests.pages.ContactPage - validation for blank error
[2025-05-31 20:41:13] [INFO] com.planit.tests.pages.ContactPage - validation for blank error
[2025-05-31 20:41:14] [INFO] com.planit.tests.pages.ContactPage - validation for blank error gone
[2025-05-31 20:41:14] [INFO] com.planit.tests.pages.ContactPage - validation for blank error gone
[2025-05-31 20:41:14] [INFO] com.planit.tests.pages.ContactPage - validation for blank error gone
[2025-05-31 20:41:15] [INFO] com.planit.tests.pages.ContactPage - user navigated in contact form
[2025-05-31 20:41:15] [INFO] com.planit.tests.pages.ContactPage - user perform click on on blank input
[2025-05-31 20:41:15] [INFO] com.planit.tests.pages.ContactPage - waiting for pop-up
[2025-05-31 20:41:33] [INFO] com.planit.tests.pages.ContactPage - validation for Success message
[2025-05-31 20:41:34] [INFO] com.planit.tests.pages.ContactPage - user perform back operation on success screen
[2025-05-31 20:41:34] [INFO] com.planit.tests.pages.ContactPage - user navigated in contact form
[2025-05-31 20:41:34] [INFO] com.planit.tests.pages.ContactPage - user perform click on on blank input
[2025-05-31 20:41:34] [INFO] com.planit.tests.pages.ContactPage - waiting for pop-up
[2025-05-31 20:42:08] [INFO] com.planit.tests.base.BaseTest - Browser started in chrome
[2025-05-31 20:42:13] [INFO] com.planit.tests.pages.ContactPage - user navigated in contact form
[2025-05-31 20:42:15] [INFO] com.planit.tests.pages.ContactPage - user perform click on on blank input
[2025-05-31 20:42:15] [INFO] com.planit.tests.pages.ContactPage - validation for blank error
[2025-05-31 20:42:15] [INFO] com.planit.tests.pages.ContactPage - validation for blank error
[2025-05-31 20:42:15] [INFO] com.planit.tests.pages.ContactPage - validation for blank error
[2025-05-31 20:42:17] [INFO] com.planit.tests.pages.ContactPage - validation for blank error gone
[2025-05-31 20:42:17] [INFO] com.planit.tests.pages.ContactPage - validation for blank error gone
[2025-05-31 20:42:17] [INFO] com.planit.tests.pages.ContactPage - validation for blank error gone
[2025-05-31 20:42:18] [INFO] com.planit.tests.pages.ContactPage - user navigated in contact form
[2025-05-31 20:42:19] [INFO] com.planit.tests.pages.ContactPage - user perform click on on blank input
[2025-05-31 20:42:19] [INFO] com.planit.tests.pages.ContactPage - waiting for pop-up
[2025-05-31 20:42:30] [INFO] com.planit.tests.pages.ContactPage - validation for Success message
[2025-05-31 20:42:30] [INFO] com.planit.tests.pages.ContactPage - user perform back operation on success screen
[2025-05-31 20:42:30] [INFO] com.planit.tests.pages.ContactPage - user navigated in contact form
[2025-05-31 20:42:32] [INFO] com.planit.tests.pages.ContactPage - user perform click on on blank input
[2025-05-31 20:42:32] [INFO] com.planit.tests.pages.ContactPage - waiting for pop-up
[2025-05-31 20:42:33] [INFO] com.planit.tests.pages.ContactPage - validation for Success message
[2025-05-31 20:42:34] [INFO] com.planit.tests.pages.ContactPage - user perform back operation on success screen
[2025-05-31 20:42:34] [INFO] com.planit.tests.pages.ContactPage - user navigated in contact form
[2025-05-31 20:42:34] [INFO] com.planit.tests.pages.ContactPage - user perform click on on blank input
[2025-05-31 20:42:34] [INFO] com.planit.tests.pages.ContactPage - waiting for pop-up
[2025-05-31 20:42:36] [INFO] com.planit.tests.pages.ContactPage - validation for Success message
[2025-05-31 20:42:36] [INFO] com.planit.tests.pages.ContactPage - user perform back operation on success screen
[2025-05-31 20:42:36] [INFO] com.planit.tests.pages.ContactPage - user navigated in contact form
[2025-05-31 20:42:36] [INFO] com.planit.tests.pages.ContactPage - user perform click on on blank input
[2025-05-31 20:42:36] [INFO] com.planit.tests.pages.ContactPage - waiting for pop-up
[2025-05-31 20:42:40] [INFO] com.planit.tests.pages.ContactPage - validation for Success message
[2025-05-31 20:42:40] [INFO] com.planit.tests.pages.ContactPage - user perform back operation on success screen
[2025-05-31 20:42:40] [INFO] com.planit.tests.pages.ContactPage - user navigated in contact form
[2025-05-31 20:42:40] [INFO] com.planit.tests.pages.ContactPage - user perform click on on blank input
[2025-05-31 20:42:40] [INFO] com.planit.tests.pages.ContactPage - waiting for pop-up
[2025-05-31 20:42:53] [INFO] com.planit.tests.pages.ContactPage - validation for Success message
[2025-05-31 20:42:53] [INFO] com.planit.tests.pages.ContactPage - user perform back operation on success screen
[2025-05-31 20:42:53] [INFO] com.planit.tests.base.BaseTest - Browser closed
[2025-05-31 20:44:48] [INFO] com.planit.tests.base.BaseTest - Browser started in chrome
[2025-05-31 20:44:52] [INFO] com.planit.tests.pages.ContactPage - user navigated in contact form
[2025-05-31 20:44:55] [INFO] com.planit.tests.pages.ContactPage - user perform click on on blank input
[2025-05-31 20:44:55] [INFO] com.planit.tests.pages.ContactPage - validation for blank error
[2025-05-31 20:44:55] [INFO] com.planit.tests.pages.ContactPage - validation for blank error
[2025-05-31 20:44:55] [INFO] com.planit.tests.pages.ContactPage - validation for blank error
[2025-05-31 20:44:57] [INFO] com.planit.tests.pages.ContactPage - validation for blank error gone
[2025-05-31 20:44:57] [INFO] com.planit.tests.pages.ContactPage - validation for blank error gone
[2025-05-31 20:44:57] [INFO] com.planit.tests.pages.ContactPage - validation for blank error gone
[2025-05-31 20:44:58] [INFO] com.planit.tests.pages.ContactPage - user navigated in contact form
[2025-05-31 20:44:59] [INFO] com.planit.tests.pages.ContactPage - user perform click on on blank input
[2025-05-31 20:44:59] [INFO] com.planit.tests.pages.ContactPage - waiting for pop-up
[2025-05-31 20:47:01] [INFO] com.planit.tests.base.BaseTest - Browser started in chrome
[2025-05-31 20:47:05] [INFO] com.planit.tests.pages.ContactPage - user navigated in contact form
[2025-05-31 20:47:07] [INFO] com.planit.tests.pages.ContactPage - user perform click on on blank input
[2025-05-31 20:47:08] [INFO] com.planit.tests.pages.ContactPage - validation for blank error
[2025-05-31 20:47:08] [INFO] com.planit.tests.pages.ContactPage - validation for blank error
[2025-05-31 20:47:08] [INFO] com.planit.tests.pages.ContactPage - validation for blank error
[2025-05-31 20:47:09] [INFO] com.planit.tests.pages.ContactPage - validation for blank error gone
[2025-05-31 20:47:10] [INFO] com.planit.tests.pages.ContactPage - validation for blank error gone
[2025-05-31 20:47:10] [INFO] com.planit.tests.pages.ContactPage - validation for blank error gone
[2025-05-31 20:47:10] [INFO] com.planit.tests.pages.ContactPage - user navigated in contact form
[2025-05-31 20:47:12] [INFO] com.planit.tests.pages.ContactPage - user perform click on on blank input
[2025-05-31 20:47:12] [INFO] com.planit.tests.pages.ContactPage - waiting for pop-up
[2025-05-31 20:47:23] [INFO] com.planit.tests.pages.ContactPage - validation for Success message
[2025-05-31 20:47:23] [INFO] com.planit.tests.pages.ContactPage - user perform back operation on success screen
[2025-05-31 20:47:24] [INFO] com.planit.tests.pages.ContactPage - user navigated in contact form
[2025-05-31 20:47:25] [INFO] com.planit.tests.pages.ContactPage - user perform click on on blank input
[2025-05-31 20:47:25] [INFO] com.planit.tests.pages.ContactPage - waiting for pop-up
[2025-05-31 23:22:23] [INFO] com.planit.tests.base.BaseTest - Browser started in chrome
[2025-05-31 23:22:28] [INFO] com.planit.tests.pages.ContactPage - user navigated in contact form
[2025-05-31 23:22:31] [INFO] com.planit.tests.pages.ContactPage - user perform click on on blank input
[2025-05-31 23:22:31] [INFO] com.planit.tests.pages.ContactPage - validation for blank error
[2025-05-31 23:22:31] [INFO] com.planit.tests.pages.ContactPage - validation for blank error
[2025-05-31 23:22:31] [INFO] com.planit.tests.pages.ContactPage - validation for blank error
[2025-05-31 23:22:33] [INFO] com.planit.tests.pages.ContactPage - validation for blank error gone
[2025-05-31 23:22:33] [INFO] com.planit.tests.pages.ContactPage - validation for blank error gone
[2025-05-31 23:22:34] [INFO] com.planit.tests.pages.ContactPage - validation for blank error gone
[2025-05-31 23:22:34] [INFO] com.planit.tests.pages.ContactPage - user navigated in contact form
[2025-05-31 23:22:37] [INFO] com.planit.tests.pages.ContactPage - user perform click on on blank input
[2025-05-31 23:22:37] [INFO] com.planit.tests.pages.ContactPage - waiting for pop-up
[2025-05-31 23:22:39] [INFO] com.planit.tests.pages.ContactPage - validation for Success message
[2025-05-31 23:22:39] [INFO] com.planit.tests.pages.ContactPage - user perform back operation on success screen
[2025-05-31 23:22:39] [INFO] com.planit.tests.pages.ContactPage - user navigated in contact form
[2025-05-31 23:22:40] [INFO] com.planit.tests.pages.ContactPage - user perform click on on blank input
[2025-05-31 23:22:40] [INFO] com.planit.tests.pages.ContactPage - waiting for pop-up
[2025-05-31 23:22:45] [INFO] com.planit.tests.pages.ContactPage - validation for Success message
[2025-05-31 23:22:46] [INFO] com.planit.tests.pages.ContactPage - user perform back operation on success screen
[2025-05-31 23:22:46] [INFO] com.planit.tests.pages.ContactPage - user navigated in contact form
[2025-05-31 23:22:47] [INFO] com.planit.tests.pages.ContactPage - user perform click on on blank input
[2025-05-31 23:22:47] [INFO] com.planit.tests.pages.ContactPage - waiting for pop-up
[2025-05-31 23:22:58] [INFO] com.planit.tests.pages.ContactPage - validation for Success message
[2025-05-31 23:22:58] [INFO] com.planit.tests.pages.ContactPage - user perform back operation on success screen
[2025-05-31 23:22:59] [INFO] com.planit.tests.pages.ContactPage - user navigated in contact form
[2025-05-31 23:22:59] [INFO] com.planit.tests.pages.ContactPage - user perform click on on blank input
[2025-05-31 23:22:59] [INFO] com.planit.tests.pages.ContactPage - waiting for pop-up
[2025-05-31 23:23:10] [INFO] com.planit.tests.pages.ContactPage - validation for Success message
[2025-05-31 23:23:11] [INFO] com.planit.tests.pages.ContactPage - user perform back operation on success screen
[2025-05-31 23:23:11] [INFO] com.planit.tests.pages.ContactPage - user navigated in contact form
[2025-05-31 23:23:11] [INFO] com.planit.tests.pages.ContactPage - user perform click on on blank input
[2025-05-31 23:23:11] [INFO] com.planit.tests.pages.ContactPage - waiting for pop-up
[2025-05-31 23:23:16] [INFO] com.planit.tests.pages.ContactPage - validation for Success message
[2025-05-31 23:23:16] [INFO] com.planit.tests.pages.ContactPage - user perform back operation on success screen
[2025-05-31 23:23:16] [INFO] com.planit.tests.base.BaseTest - Browser closed
[2025-05-31 23:25:40] [INFO] com.planit.tests.base.BaseTest - Browser started in chrome
[2025-05-31 23:25:44] [INFO] com.planit.tests.pages.ContactPage - user navigated in contact form
[2025-05-31 23:25:47] [INFO] com.planit.tests.pages.ContactPage - user perform click on on blank input
[2025-05-31 23:25:48] [INFO] com.planit.tests.pages.ContactPage - validation for blank error
[2025-05-31 23:25:48] [INFO] com.planit.tests.pages.ContactPage - validation for blank error
[2025-05-31 23:25:48] [INFO] com.planit.tests.pages.ContactPage - validation for blank error
[2025-05-31 23:25:50] [INFO] com.planit.tests.pages.ContactPage - validation for blank error gone
[2025-05-31 23:25:50] [INFO] com.planit.tests.pages.ContactPage - validation for blank error gone
[2025-05-31 23:25:50] [INFO] com.planit.tests.pages.ContactPage - validation for blank error gone
[2025-05-31 23:25:50] [INFO] com.planit.tests.base.BaseTest - Browser closed
[2025-05-31 23:26:08] [INFO] com.planit.tests.base.BaseTest - Browser started in chrome
[2025-05-31 23:26:12] [INFO] com.planit.tests.pages.ContactPage - user navigated in contact form
[2025-05-31 23:26:17] [INFO] com.planit.tests.pages.ContactPage - user perform click on on blank input
[2025-05-31 23:26:17] [INFO] com.planit.tests.pages.ContactPage - waiting for pop-up
[2025-05-31 23:26:29] [INFO] com.planit.tests.pages.ContactPage - validation for Success message
[2025-05-31 23:26:30] [INFO] com.planit.tests.pages.ContactPage - user perform back operation on success screen
[2025-05-31 23:26:30] [INFO] com.planit.tests.pages.ContactPage - user navigated in contact form
[2025-05-31 23:26:31] [INFO] com.planit.tests.pages.ContactPage - user perform click on on blank input
[2025-05-31 23:26:31] [INFO] com.planit.tests.pages.ContactPage - waiting for pop-up
[2025-05-31 23:26:38] [INFO] com.planit.tests.pages.ContactPage - validation for Success message
[2025-05-31 23:26:39] [INFO] com.planit.tests.pages.ContactPage - user perform back operation on success screen
[2025-05-31 23:26:39] [INFO] com.planit.tests.pages.ContactPage - user navigated in contact form
[2025-05-31 23:26:40] [INFO] com.planit.tests.pages.ContactPage - user perform click on on blank input
[2025-05-31 23:26:40] [INFO] com.planit.tests.pages.ContactPage - waiting for pop-up
[2025-05-31 23:26:44] [INFO] com.planit.tests.pages.ContactPage - validation for Success message
[2025-05-31 23:26:44] [INFO] com.planit.tests.pages.ContactPage - user perform back operation on success screen
[2025-05-31 23:26:44] [INFO] com.planit.tests.pages.ContactPage - user navigated in contact form
[2025-05-31 23:26:45] [INFO] com.planit.tests.pages.ContactPage - user perform click on on blank input
[2025-05-31 23:26:45] [INFO] com.planit.tests.pages.ContactPage - waiting for pop-up
[2025-05-31 23:26:49] [INFO] com.planit.tests.pages.ContactPage - validation for Success message
[2025-05-31 23:26:49] [INFO] com.planit.tests.pages.ContactPage - user perform back operation on success screen
[2025-05-31 23:26:49] [INFO] com.planit.tests.pages.ContactPage - user navigated in contact form
[2025-05-31 23:26:50] [INFO] com.planit.tests.pages.ContactPage - user perform click on on blank input
[2025-05-31 23:26:50] [INFO] com.planit.tests.pages.ContactPage - waiting for pop-up
[2025-05-31 23:26:55] [INFO] com.planit.tests.pages.ContactPage - validation for Success message
[2025-05-31 23:26:55] [INFO] com.planit.tests.pages.ContactPage - user perform back operation on success screen
[2025-05-31 23:26:55] [INFO] com.planit.tests.base.BaseTest - Browser closed
[2025-05-31 23:27:49] [INFO] com.planit.tests.base.BaseTest - Browser started in chrome
[2025-05-31 23:27:54] [INFO] com.planit.tests.pages.ContactPage - user navigated in contact form
[2025-05-31 23:27:57] [INFO] com.planit.tests.pages.ContactPage - user perform click on on blank input
[2025-05-31 23:27:57] [INFO] com.planit.tests.pages.ContactPage - validation for blank error
[2025-05-31 23:27:57] [INFO] com.planit.tests.pages.ContactPage - validation for blank error
[2025-05-31 23:27:57] [INFO] com.planit.tests.pages.ContactPage - validation for blank error
[2025-05-31 23:27:59] [INFO] com.planit.tests.pages.ContactPage - validation for blank error gone
[2025-05-31 23:27:59] [INFO] com.planit.tests.pages.ContactPage - validation for blank error gone
[2025-05-31 23:27:59] [INFO] com.planit.tests.pages.ContactPage - validation for blank error gone
[2025-05-31 23:28:00] [INFO] com.planit.tests.pages.ContactPage - user navigated in contact form
[2025-05-31 23:28:01] [INFO] com.planit.tests.pages.ContactPage - user perform click on on blank input
[2025-05-31 23:28:01] [INFO] com.planit.tests.pages.ContactPage - waiting for pop-up
[2025-05-31 23:28:03] [INFO] com.planit.tests.pages.ContactPage - validation for Success message
[2025-05-31 23:28:03] [INFO] com.planit.tests.pages.ContactPage - user perform back operation on success screen
[2025-05-31 23:28:04] [INFO] com.planit.tests.pages.ContactPage - user navigated in contact form
[2025-05-31 23:28:05] [INFO] com.planit.tests.pages.ContactPage - user perform click on on blank input
[2025-05-31 23:28:05] [INFO] com.planit.tests.pages.ContactPage - waiting for pop-up
[2025-05-31 23:28:16] [INFO] com.planit.tests.pages.ContactPage - validation for Success message
[2025-05-31 23:28:16] [INFO] com.planit.tests.pages.ContactPage - user perform back operation on success screen
[2025-05-31 23:28:16] [INFO] com.planit.tests.pages.ContactPage - user navigated in contact form
[2025-05-31 23:28:17] [INFO] com.planit.tests.pages.ContactPage - user perform click on on blank input
[2025-05-31 23:28:17] [INFO] com.planit.tests.pages.ContactPage - waiting for pop-up
[2025-05-31 23:28:22] [INFO] com.planit.tests.pages.ContactPage - validation for Success message
[2025-05-31 23:28:23] [INFO] com.planit.tests.pages.ContactPage - user perform back operation on success screen
[2025-05-31 23:28:23] [INFO] com.planit.tests.pages.ContactPage - user navigated in contact form
[2025-05-31 23:28:23] [INFO] com.planit.tests.pages.ContactPage - user perform click on on blank input
[2025-05-31 23:28:23] [INFO] com.planit.tests.pages.ContactPage - waiting for pop-up
[2025-05-31 23:28:37] [INFO] com.planit.tests.pages.ContactPage - validation for Success message
[2025-05-31 23:28:38] [INFO] com.planit.tests.pages.ContactPage - user perform back operation on success screen
[2025-05-31 23:28:38] [INFO] com.planit.tests.pages.ContactPage - user navigated in contact form
[2025-05-31 23:28:38] [INFO] com.planit.tests.pages.ContactPage - user perform click on on blank input
[2025-05-31 23:28:38] [INFO] com.planit.tests.pages.ContactPage - waiting for pop-up
[2025-05-31 23:28:43] [INFO] com.planit.tests.pages.ContactPage - validation for Success message
[2025-05-31 23:28:43] [INFO] com.planit.tests.pages.ContactPage - user perform back operation on success screen
[2025-05-31 23:28:43] [INFO] com.planit.tests.base.BaseTest - Browser closed
[2025-05-31 23:29:09] [INFO] com.planit.tests.listeners.TestListener - === Test Suite started ===
[2025-05-31 23:29:21] [INFO] com.planit.tests.base.BaseTest - Browser started in chrome
[2025-05-31 23:29:24] [INFO] com.planit.tests.listeners.TestListener - üü° Test started: testAddProductsToCart
[2025-05-31 23:29:25] [INFO] com.planit.tests.pages.ShoppingCartPage - user action on shop 
[2025-05-31 23:29:26] [INFO] com.planit.tests.pages.ShoppingCartPage - price of product: 10.99
[2025-05-31 23:29:27] [INFO] com.planit.tests.pages.ShoppingCartPage - Name of product the: 'Funny Cow' Price is $By.xpath: //h4[text()='Funny Cow']/following::a[contains(text(),'Buy')][1]
[2025-05-31 23:29:27] [INFO] com.planit.tests.pages.ShoppingCartPage - Name of product the: 'Funny Cow' Price is $By.xpath: //h4[text()='Funny Cow']/following::a[contains(text(),'Buy')][1]
[2025-05-31 23:29:27] [INFO] com.planit.tests.pages.ShoppingCartPage - price of product: Funny Cow : unitPrice
[2025-05-31 23:29:28] [INFO] com.planit.tests.pages.ShoppingCartPage - price of product: 9.99
[2025-05-31 23:29:28] [INFO] com.planit.tests.pages.ShoppingCartPage - Name of product the: 'Fluffy Bunny' Price is $By.xpath: //h4[text()='Fluffy Bunny']/following::a[contains(text(),'Buy')][1]
[2025-05-31 23:29:28] [INFO] com.planit.tests.pages.ShoppingCartPage - Name of product the: 'Fluffy Bunny' Price is $By.xpath: //h4[text()='Fluffy Bunny']/following::a[contains(text(),'Buy')][1]
[2025-05-31 23:29:28] [INFO] com.planit.tests.pages.ShoppingCartPage - Name of product the: 'Fluffy Bunny' Price is $By.xpath: //h4[text()='Fluffy Bunny']/following::a[contains(text(),'Buy')][1]
[2025-05-31 23:29:28] [INFO] com.planit.tests.pages.ShoppingCartPage - Name of product the: 'Fluffy Bunny' Price is $By.xpath: //h4[text()='Fluffy Bunny']/following::a[contains(text(),'Buy')][1]
[2025-05-31 23:29:29] [INFO] com.planit.tests.pages.ShoppingCartPage - Name of product the: 'Fluffy Bunny' Price is $By.xpath: //h4[text()='Fluffy Bunny']/following::a[contains(text(),'Buy')][1]
[2025-05-31 23:29:29] [INFO] com.planit.tests.pages.ShoppingCartPage - price of product: Fluffy Bunny : unitPrice
[2025-05-31 23:29:29] [INFO] com.planit.tests.pages.ShoppingCartPage - price of product: 14.99
[2025-05-31 23:29:29] [INFO] com.planit.tests.pages.ShoppingCartPage - Name of product the: 'Valentine Bear' Price is $By.xpath: //h4[text()='Valentine Bear']/following::a[contains(text(),'Buy')][1]
[2025-05-31 23:29:29] [INFO] com.planit.tests.pages.ShoppingCartPage - Name of product the: 'Valentine Bear' Price is $By.xpath: //h4[text()='Valentine Bear']/following::a[contains(text(),'Buy')][1]
[2025-05-31 23:29:29] [INFO] com.planit.tests.pages.ShoppingCartPage - Name of product the: 'Valentine Bear' Price is $By.xpath: //h4[text()='Valentine Bear']/following::a[contains(text(),'Buy')][1]
[2025-05-31 23:29:29] [INFO] com.planit.tests.pages.ShoppingCartPage - price of product: Valentine Bear : unitPrice
[2025-05-31 23:29:31] [INFO] com.planit.tests.pages.ShoppingCartPage - user action on cartPage
[2025-05-31 23:29:33] [INFO] com.planit.tests.pages.ShoppingCartPage - web sub total value: 44.97
[2025-05-31 23:29:33] [INFO] com.planit.tests.pages.ShoppingCartPage - Product Price on web 14.99
[2025-05-31 23:29:33] [INFO] com.planit.tests.pages.ShoppingCartPage -  web total of all product:116.9
[2025-05-31 23:29:34] [INFO] com.planit.tests.pages.ShoppingCartPage - get the value of total from web nav bar116.9
[2025-05-31 23:29:34] [INFO] com.planit.tests.listeners.TestListener - ‚úÖ Test passed: testAddProductsToCart
[2025-05-31 23:29:34] [INFO] com.planit.tests.listeners.TestListener - üü° Test started: testEmptyFormValidation
[2025-05-31 23:29:34] [INFO] com.planit.tests.pages.ContactPage - user navigated in contact form
[2025-05-31 23:29:36] [INFO] com.planit.tests.pages.ContactPage - user perform click on on blank input
[2025-05-31 23:29:36] [INFO] com.planit.tests.pages.ContactPage - validation for blank error
[2025-05-31 23:29:36] [INFO] com.planit.tests.pages.ContactPage - validation for blank error
[2025-05-31 23:29:36] [INFO] com.planit.tests.pages.ContactPage - validation for blank error
[2025-05-31 23:29:38] [INFO] com.planit.tests.pages.ContactPage - validation for blank error gone
[2025-05-31 23:29:38] [INFO] com.planit.tests.pages.ContactPage - validation for blank error gone
[2025-05-31 23:29:38] [INFO] com.planit.tests.pages.ContactPage - validation for blank error gone
[2025-05-31 23:29:38] [INFO] com.planit.tests.listeners.TestListener - ‚úÖ Test passed: testEmptyFormValidation
[2025-05-31 23:29:38] [INFO] com.planit.tests.listeners.TestListener - üü° Test started: testValidFormSubmission
[2025-05-31 23:29:39] [INFO] com.planit.tests.pages.ContactPage - user navigated in contact form
[2025-05-31 23:29:40] [INFO] com.planit.tests.pages.ContactPage - user perform click on on blank input
[2025-05-31 23:29:40] [INFO] com.planit.tests.pages.ContactPage - waiting for pop-up
[2025-05-31 23:29:43] [INFO] com.planit.tests.pages.ContactPage - validation for Success message
[2025-05-31 23:29:44] [INFO] com.planit.tests.pages.ContactPage - user perform back operation on success screen
[2025-05-31 23:29:44] [INFO] com.planit.tests.pages.ContactPage - user navigated in contact form
[2025-05-31 23:29:44] [INFO] com.planit.tests.pages.ContactPage - user perform click on on blank input
[2025-05-31 23:29:44] [INFO] com.planit.tests.pages.ContactPage - waiting for pop-up
[2025-05-31 23:29:56] [INFO] com.planit.tests.pages.ContactPage - validation for Success message
[2025-05-31 23:29:56] [INFO] com.planit.tests.pages.ContactPage - user perform back operation on success screen
[2025-05-31 23:29:56] [INFO] com.planit.tests.pages.ContactPage - user navigated in contact form
[2025-05-31 23:29:56] [INFO] com.planit.tests.pages.ContactPage - user perform click on on blank input
[2025-05-31 23:29:56] [INFO] com.planit.tests.pages.ContactPage - waiting for pop-up
[2025-05-31 23:30:00] [INFO] com.planit.tests.pages.ContactPage - validation for Success message
[2025-05-31 23:30:00] [INFO] com.planit.tests.pages.ContactPage - user perform back operation on success screen
[2025-05-31 23:30:01] [INFO] com.planit.tests.pages.ContactPage - user navigated in contact form
[2025-05-31 23:30:01] [INFO] com.planit.tests.pages.ContactPage - user perform click on on blank input
[2025-05-31 23:30:01] [INFO] com.planit.tests.pages.ContactPage - waiting for pop-up
[2025-05-31 23:30:15] [INFO] com.planit.tests.pages.ContactPage - validation for Success message
[2025-05-31 23:30:15] [INFO] com.planit.tests.pages.ContactPage - user perform back operation on success screen
[2025-05-31 23:30:15] [INFO] com.planit.tests.pages.ContactPage - user navigated in contact form
[2025-05-31 23:30:15] [INFO] com.planit.tests.pages.ContactPage - user perform click on on blank input
[2025-05-31 23:30:15] [INFO] com.planit.tests.pages.ContactPage - waiting for pop-up
[2025-05-31 23:30:18] [INFO] com.planit.tests.pages.ContactPage - validation for Success message
[2025-05-31 23:30:18] [INFO] com.planit.tests.pages.ContactPage - user perform back operation on success screen
[2025-05-31 23:30:18] [INFO] com.planit.tests.listeners.TestListener - ‚úÖ Test passed: testValidFormSubmission
[2025-05-31 23:30:18] [INFO] com.planit.tests.base.BaseTest - Browser closed
[2025-05-31 23:30:18] [INFO] com.planit.tests.listeners.TestListener - === Test Suite finished ===
[2025-06-01 10:01:11] [INFO] com.planit.tests.base.BaseTest - Browser started in chrome
[2025-06-01 10:01:17] [INFO] com.planit.tests.pages.ContactPage - user navigated in contact form
[2025-06-01 10:01:21] [INFO] com.planit.tests.pages.ContactPage - user perform click on on blank input
[2025-06-01 10:01:21] [INFO] com.planit.tests.pages.ContactPage - waiting for pop-up
[2025-06-01 10:01:35] [INFO] com.planit.tests.pages.ContactPage - validation for Success message
[2025-06-01 10:01:35] [INFO] com.planit.tests.pages.ContactPage - user perform back operation on success screen
[2025-06-01 10:01:36] [INFO] com.planit.tests.pages.ContactPage - user navigated in contact form
[2025-06-01 10:01:38] [INFO] com.planit.tests.pages.ContactPage - user perform click on on blank input
[2025-06-01 10:01:38] [INFO] com.planit.tests.pages.ContactPage - waiting for pop-up
[2025-06-01 10:01:55] [INFO] com.planit.tests.pages.ContactPage - validation for Success message
[2025-06-01 10:01:56] [INFO] com.planit.tests.pages.ContactPage - user perform back operation on success screen
[2025-06-01 10:01:56] [INFO] com.planit.tests.pages.ContactPage - user navigated in contact form
[2025-06-01 10:01:56] [INFO] com.planit.tests.pages.ContactPage - user perform click on on blank input
[2025-06-01 10:01:56] [INFO] com.planit.tests.pages.ContactPage - waiting for pop-up
[2025-06-01 10:01:58] [INFO] com.planit.tests.pages.ContactPage - validation for Success message
[2025-06-01 10:01:58] [INFO] com.planit.tests.pages.ContactPage - user perform back operation on success screen
[2025-06-01 10:01:58] [INFO] com.planit.tests.pages.ContactPage - user navigated in contact form
[2025-06-01 10:01:59] [INFO] com.planit.tests.pages.ContactPage - user perform click on on blank input
[2025-06-01 10:01:59] [INFO] com.planit.tests.pages.ContactPage - waiting for pop-up
[2025-06-01 10:02:10] [INFO] com.planit.tests.pages.ContactPage - validation for Success message
[2025-06-01 10:02:10] [INFO] com.planit.tests.pages.ContactPage - user perform back operation on success screen
[2025-06-01 10:02:10] [INFO] com.planit.tests.pages.ContactPage - user navigated in contact form
[2025-06-01 10:02:10] [INFO] com.planit.tests.pages.ContactPage - user perform click on on blank input
[2025-06-01 10:02:11] [INFO] com.planit.tests.pages.ContactPage - waiting for pop-up
[2025-06-01 10:02:13] [INFO] com.planit.tests.pages.ContactPage - validation for Success message
[2025-06-01 10:02:13] [INFO] com.planit.tests.pages.ContactPage - user perform back operation on success screen
[2025-06-01 10:02:13] [INFO] com.planit.tests.base.BaseTest - Browser closed
[2025-06-01 10:18:06] [INFO] com.planit.tests.base.BaseTest - Browser started in chrome
[2025-06-01 10:18:10] [INFO] com.planit.tests.pages.ShoppingCartPage - user action on shop 
[2025-06-01 10:18:10] [INFO] com.planit.tests.pages.ShoppingCartPage - user action on cartPage
[2025-06-01 10:18:16] [INFO] com.planit.tests.base.BaseTest - Browser closed
[2025-06-01 10:19:00] [INFO] com.planit.tests.base.BaseTest - Browser started in chrome
[2025-06-01 10:19:04] [INFO] com.planit.tests.pages.ShoppingCartPage - user action on shop 
[2025-06-01 10:19:05] [INFO] com.planit.tests.pages.ShoppingCartPage - price of product: 10.99
[2025-06-01 10:19:05] [INFO] com.planit.tests.pages.ShoppingCartPage - Name of product the: 'Funny Cow' Price is $By.xpath: //h4[text()='Funny Cow']/following::a[contains(text(),'Buy')][1]
[2025-06-01 10:19:06] [INFO] com.planit.tests.pages.ShoppingCartPage - Name of product the: 'Funny Cow' Price is $By.xpath: //h4[text()='Funny Cow']/following::a[contains(text(),'Buy')][1]
[2025-06-01 10:19:06] [INFO] com.planit.tests.pages.ShoppingCartPage - price of product: Funny Cow : unitPrice
[2025-06-01 10:19:06] [INFO] com.planit.tests.pages.ShoppingCartPage - price of product: 9.99
[2025-06-01 10:19:06] [INFO] com.planit.tests.pages.ShoppingCartPage - Name of product the: 'Fluffy Bunny' Price is $By.xpath: //h4[text()='Fluffy Bunny']/following::a[contains(text(),'Buy')][1]
[2025-06-01 10:19:06] [INFO] com.planit.tests.pages.ShoppingCartPage - Name of product the: 'Fluffy Bunny' Price is $By.xpath: //h4[text()='Fluffy Bunny']/following::a[contains(text(),'Buy')][1]
[2025-06-01 10:19:06] [INFO] com.planit.tests.pages.ShoppingCartPage - Name of product the: 'Fluffy Bunny' Price is $By.xpath: //h4[text()='Fluffy Bunny']/following::a[contains(text(),'Buy')][1]
[2025-06-01 10:19:06] [INFO] com.planit.tests.pages.ShoppingCartPage - Name of product the: 'Fluffy Bunny' Price is $By.xpath: //h4[text()='Fluffy Bunny']/following::a[contains(text(),'Buy')][1]
[2025-06-01 10:19:07] [INFO] com.planit.tests.pages.ShoppingCartPage - Name of product the: 'Fluffy Bunny' Price is $By.xpath: //h4[text()='Fluffy Bunny']/following::a[contains(text(),'Buy')][1]
[2025-06-01 10:19:07] [INFO] com.planit.tests.pages.ShoppingCartPage - price of product: Fluffy Bunny : unitPrice
[2025-06-01 10:19:07] [INFO] com.planit.tests.pages.ShoppingCartPage - price of product: 14.99
[2025-06-01 10:19:07] [INFO] com.planit.tests.pages.ShoppingCartPage - Name of product the: 'Valentine Bear' Price is $By.xpath: //h4[text()='Valentine Bear']/following::a[contains(text(),'Buy')][1]
[2025-06-01 10:19:07] [INFO] com.planit.tests.pages.ShoppingCartPage - Name of product the: 'Valentine Bear' Price is $By.xpath: //h4[text()='Valentine Bear']/following::a[contains(text(),'Buy')][1]
[2025-06-01 10:19:07] [INFO] com.planit.tests.pages.ShoppingCartPage - Name of product the: 'Valentine Bear' Price is $By.xpath: //h4[text()='Valentine Bear']/following::a[contains(text(),'Buy')][1]
[2025-06-01 10:19:07] [INFO] com.planit.tests.pages.ShoppingCartPage - price of product: Valentine Bear : unitPrice
[2025-06-01 10:19:09] [INFO] com.planit.tests.pages.ShoppingCartPage - user action on cartPage
[2025-06-01 10:19:11] [INFO] com.planit.tests.pages.ShoppingCartPage -  web total of all product:116.9
[2025-06-01 10:19:11] [INFO] com.planit.tests.pages.ShoppingCartPage - get the value of total from web nav bar116.9
[2025-06-01 10:19:12] [INFO] com.planit.tests.base.BaseTest - Browser closed
[2025-06-01 11:24:07] [INFO] com.planit.tests.listeners.TestListener - === Test Suite started ===
[2025-06-01 11:24:20] [INFO] com.planit.tests.base.BaseTest - Browser started in chrome
[2025-06-01 11:24:24] [INFO] com.planit.tests.listeners.TestListener - üü° Test started: testAddProductsToCart
[2025-06-01 11:24:25] [INFO] com.planit.tests.pages.ShoppingCartPage - user action on shop 
[2025-06-01 11:24:26] [INFO] com.planit.tests.pages.ShoppingCartPage - price of product: 10.99
[2025-06-01 11:24:26] [INFO] com.planit.tests.pages.ShoppingCartPage - Name of product the: 'Funny Cow' Price is $By.xpath: //h4[text()='Funny Cow']/following::a[contains(text(),'Buy')][1]
[2025-06-01 11:24:27] [INFO] com.planit.tests.pages.ShoppingCartPage - Name of product the: 'Funny Cow' Price is $By.xpath: //h4[text()='Funny Cow']/following::a[contains(text(),'Buy')][1]
[2025-06-01 11:24:27] [INFO] com.planit.tests.pages.ShoppingCartPage - price of product: Funny Cow : unitPrice
[2025-06-01 11:24:27] [INFO] com.planit.tests.pages.ShoppingCartPage - price of product: 9.99
[2025-06-01 11:24:27] [INFO] com.planit.tests.pages.ShoppingCartPage - Name of product the: 'Fluffy Bunny' Price is $By.xpath: //h4[text()='Fluffy Bunny']/following::a[contains(text(),'Buy')][1]
[2025-06-01 11:24:27] [INFO] com.planit.tests.pages.ShoppingCartPage - Name of product the: 'Fluffy Bunny' Price is $By.xpath: //h4[text()='Fluffy Bunny']/following::a[contains(text(),'Buy')][1]
[2025-06-01 11:24:27] [INFO] com.planit.tests.pages.ShoppingCartPage - Name of product the: 'Fluffy Bunny' Price is $By.xpath: //h4[text()='Fluffy Bunny']/following::a[contains(text(),'Buy')][1]
[2025-06-01 11:24:27] [INFO] com.planit.tests.pages.ShoppingCartPage - Name of product the: 'Fluffy Bunny' Price is $By.xpath: //h4[text()='Fluffy Bunny']/following::a[contains(text(),'Buy')][1]
[2025-06-01 11:24:28] [INFO] com.planit.tests.pages.ShoppingCartPage - Name of product the: 'Fluffy Bunny' Price is $By.xpath: //h4[text()='Fluffy Bunny']/following::a[contains(text(),'Buy')][1]
[2025-06-01 11:24:28] [INFO] com.planit.tests.pages.ShoppingCartPage - price of product: Fluffy Bunny : unitPrice
[2025-06-01 11:24:28] [INFO] com.planit.tests.pages.ShoppingCartPage - price of product: 14.99
[2025-06-01 11:24:28] [INFO] com.planit.tests.pages.ShoppingCartPage - Name of product the: 'Valentine Bear' Price is $By.xpath: //h4[text()='Valentine Bear']/following::a[contains(text(),'Buy')][1]
[2025-06-01 11:24:28] [INFO] com.planit.tests.pages.ShoppingCartPage - Name of product the: 'Valentine Bear' Price is $By.xpath: //h4[text()='Valentine Bear']/following::a[contains(text(),'Buy')][1]
[2025-06-01 11:24:28] [INFO] com.planit.tests.pages.ShoppingCartPage - Name of product the: 'Valentine Bear' Price is $By.xpath: //h4[text()='Valentine Bear']/following::a[contains(text(),'Buy')][1]
[2025-06-01 11:24:28] [INFO] com.planit.tests.pages.ShoppingCartPage - price of product: Valentine Bear : unitPrice
[2025-06-01 11:24:29] [INFO] com.planit.tests.pages.ShoppingCartPage - user action on cartPage
[2025-06-01 11:24:32] [INFO] com.planit.tests.pages.ShoppingCartPage - web sub total value: 21.98
[2025-06-01 11:24:32] [INFO] com.planit.tests.pages.ShoppingCartPage - Product Price on web 10.99
[2025-06-01 11:24:32] [INFO] com.planit.tests.pages.ShoppingCartPage - web sub total value: 49.95
[2025-06-01 11:24:32] [INFO] com.planit.tests.pages.ShoppingCartPage - Product Price on web 9.99
[2025-06-01 11:24:32] [INFO] com.planit.tests.pages.ShoppingCartPage - web sub total value: 44.97
[2025-06-01 11:24:32] [INFO] com.planit.tests.pages.ShoppingCartPage - Product Price on web 14.99
[2025-06-01 11:24:32] [INFO] com.planit.tests.pages.ShoppingCartPage -  web total of all product:116.9
[2025-06-01 11:24:32] [INFO] com.planit.tests.pages.ShoppingCartPage - get the value of total from web nav bar116.9
[2025-06-01 11:24:33] [INFO] com.planit.tests.listeners.TestListener - ‚úÖ Test passed: testAddProductsToCart
[2025-06-01 11:24:33] [INFO] com.planit.tests.listeners.TestListener - üü° Test started: testEmptyFormValidation
[2025-06-01 11:24:33] [INFO] com.planit.tests.pages.ContactPage - user navigated in contact form
[2025-06-01 11:24:35] [INFO] com.planit.tests.pages.ContactPage - user perform click on on blank input
[2025-06-01 11:24:35] [INFO] com.planit.tests.pages.ContactPage - validation for blank error
[2025-06-01 11:24:36] [INFO] com.planit.tests.pages.ContactPage - validation for blank error
[2025-06-01 11:24:36] [INFO] com.planit.tests.pages.ContactPage - validation for blank error
[2025-06-01 11:24:37] [INFO] com.planit.tests.pages.ContactPage - validation for blank error gone
[2025-06-01 11:24:37] [INFO] com.planit.tests.pages.ContactPage - validation for blank error gone
[2025-06-01 11:24:37] [INFO] com.planit.tests.pages.ContactPage - validation for blank error gone
[2025-06-01 11:24:38] [INFO] com.planit.tests.listeners.TestListener - ‚úÖ Test passed: testEmptyFormValidation
[2025-06-01 11:24:38] [INFO] com.planit.tests.listeners.TestListener - üü° Test started: testValidFormSubmission
[2025-06-01 11:24:38] [INFO] com.planit.tests.pages.ContactPage - user navigated in contact form
[2025-06-01 11:24:39] [INFO] com.planit.tests.pages.ContactPage - user perform click on on blank input
[2025-06-01 11:24:39] [INFO] com.planit.tests.pages.ContactPage - waiting for pop-up
[2025-06-01 11:24:53] [INFO] com.planit.tests.pages.ContactPage - validation for Success message
[2025-06-01 11:24:53] [INFO] com.planit.tests.pages.ContactPage - user perform back operation on success screen
[2025-06-01 11:24:53] [INFO] com.planit.tests.listeners.TestListener - ‚úÖ Test passed: testValidFormSubmission
[2025-06-01 11:24:53] [INFO] com.planit.tests.listeners.TestListener - üü° Test started: testValidFormSubmission
[2025-06-01 11:24:53] [INFO] com.planit.tests.pages.ContactPage - user navigated in contact form
[2025-06-01 11:24:54] [INFO] com.planit.tests.pages.ContactPage - user perform click on on blank input
[2025-06-01 11:24:54] [INFO] com.planit.tests.pages.ContactPage - waiting for pop-up
[2025-06-01 11:25:05] [INFO] com.planit.tests.pages.ContactPage - validation for Success message
[2025-06-01 11:25:05] [INFO] com.planit.tests.pages.ContactPage - user perform back operation on success screen
[2025-06-01 11:25:05] [INFO] com.planit.tests.listeners.TestListener - ‚úÖ Test passed: testValidFormSubmission
[2025-06-01 11:25:05] [INFO] com.planit.tests.listeners.TestListener - üü° Test started: testValidFormSubmission
[2025-06-01 11:25:05] [INFO] com.planit.tests.pages.ContactPage - user navigated in contact form
[2025-06-01 11:25:06] [INFO] com.planit.tests.pages.ContactPage - user perform click on on blank input
[2025-06-01 11:25:06] [INFO] com.planit.tests.pages.ContactPage - waiting for pop-up
[2025-06-01 11:25:07] [INFO] com.planit.tests.pages.ContactPage - validation for Success message
[2025-06-01 11:25:07] [INFO] com.planit.tests.pages.ContactPage - user perform back operation on success screen
[2025-06-01 11:25:07] [INFO] com.planit.tests.listeners.TestListener - ‚úÖ Test passed: testValidFormSubmission
[2025-06-01 11:25:07] [INFO] com.planit.tests.listeners.TestListener - üü° Test started: testValidFormSubmission
[2025-06-01 11:25:07] [INFO] com.planit.tests.pages.ContactPage - user navigated in contact form
[2025-06-01 11:25:08] [INFO] com.planit.tests.pages.ContactPage - user perform click on on blank input
[2025-06-01 11:25:08] [INFO] com.planit.tests.pages.ContactPage - waiting for pop-up
[2025-06-01 11:25:18] [INFO] com.planit.tests.pages.ContactPage - validation for Success message
[2025-06-01 11:25:19] [INFO] com.planit.tests.pages.ContactPage - user perform back operation on success screen
[2025-06-01 11:25:19] [INFO] com.planit.tests.listeners.TestListener - ‚úÖ Test passed: testValidFormSubmission
[2025-06-01 11:25:19] [INFO] com.planit.tests.listeners.TestListener - üü° Test started: testValidFormSubmission
[2025-06-01 11:25:19] [INFO] com.planit.tests.pages.ContactPage - user navigated in contact form
[2025-06-01 11:25:20] [INFO] com.planit.tests.pages.ContactPage - user perform click on on blank input
[2025-06-01 11:25:20] [INFO] com.planit.tests.pages.ContactPage - waiting for pop-up
[2025-06-01 11:25:24] [INFO] com.planit.tests.pages.ContactPage - validation for Success message
[2025-06-01 11:25:25] [INFO] com.planit.tests.pages.ContactPage - user perform back operation on success screen
[2025-06-01 11:25:25] [INFO] com.planit.tests.listeners.TestListener - ‚úÖ Test passed: testValidFormSubmission
[2025-06-01 11:25:25] [INFO] com.planit.tests.base.BaseTest - Browser closed
[2025-06-01 11:25:25] [INFO] com.planit.tests.listeners.TestListener - === Test Suite finished ===
[2025-06-01 15:23:38] [INFO] com.planit.tests.listeners.TestListener - === Test Suite started ===
[2025-06-01 15:23:51] [INFO] com.planit.tests.base.BaseTest - Browser started in chrome
[2025-06-01 15:23:54] [INFO] com.planit.tests.listeners.TestListener - üü° Test started: testAddProductsToCart
[2025-06-01 15:23:55] [INFO] com.planit.tests.pages.ShoppingCartPage - user action on shop 
[2025-06-01 15:23:56] [INFO] com.planit.tests.pages.ShoppingCartPage - price of product: 10.99
[2025-06-01 15:23:56] [INFO] com.planit.tests.pages.ShoppingCartPage - Name of product the: 'Funny Cow' Price is $By.xpath: //h4[text()='Funny Cow']/following::a[contains(text(),'Buy')][1]
[2025-06-01 15:23:57] [INFO] com.planit.tests.pages.ShoppingCartPage - Name of product the: 'Funny Cow' Price is $By.xpath: //h4[text()='Funny Cow']/following::a[contains(text(),'Buy')][1]
[2025-06-01 15:23:57] [INFO] com.planit.tests.pages.ShoppingCartPage - price of product: Funny Cow : unitPrice
[2025-06-01 15:23:57] [INFO] com.planit.tests.pages.ShoppingCartPage - price of product: 9.99
[2025-06-01 15:23:57] [INFO] com.planit.tests.pages.ShoppingCartPage - Name of product the: 'Fluffy Bunny' Price is $By.xpath: //h4[text()='Fluffy Bunny']/following::a[contains(text(),'Buy')][1]
[2025-06-01 15:23:57] [INFO] com.planit.tests.pages.ShoppingCartPage - Name of product the: 'Fluffy Bunny' Price is $By.xpath: //h4[text()='Fluffy Bunny']/following::a[contains(text(),'Buy')][1]
[2025-06-01 15:23:57] [INFO] com.planit.tests.pages.ShoppingCartPage - Name of product the: 'Fluffy Bunny' Price is $By.xpath: //h4[text()='Fluffy Bunny']/following::a[contains(text(),'Buy')][1]
[2025-06-01 15:23:57] [INFO] com.planit.tests.pages.ShoppingCartPage - Name of product the: 'Fluffy Bunny' Price is $By.xpath: //h4[text()='Fluffy Bunny']/following::a[contains(text(),'Buy')][1]
[2025-06-01 15:23:58] [INFO] com.planit.tests.pages.ShoppingCartPage - Name of product the: 'Fluffy Bunny' Price is $By.xpath: //h4[text()='Fluffy Bunny']/following::a[contains(text(),'Buy')][1]
[2025-06-01 15:23:58] [INFO] com.planit.tests.pages.ShoppingCartPage - price of product: Fluffy Bunny : unitPrice
[2025-06-01 15:23:58] [INFO] com.planit.tests.pages.ShoppingCartPage - price of product: 14.99
[2025-06-01 15:23:58] [INFO] com.planit.tests.pages.ShoppingCartPage - Name of product the: 'Valentine Bear' Price is $By.xpath: //h4[text()='Valentine Bear']/following::a[contains(text(),'Buy')][1]
[2025-06-01 15:23:58] [INFO] com.planit.tests.pages.ShoppingCartPage - Name of product the: 'Valentine Bear' Price is $By.xpath: //h4[text()='Valentine Bear']/following::a[contains(text(),'Buy')][1]
[2025-06-01 15:23:58] [INFO] com.planit.tests.pages.ShoppingCartPage - Name of product the: 'Valentine Bear' Price is $By.xpath: //h4[text()='Valentine Bear']/following::a[contains(text(),'Buy')][1]
[2025-06-01 15:23:58] [INFO] com.planit.tests.pages.ShoppingCartPage - price of product: Valentine Bear : unitPrice
[2025-06-01 15:23:59] [INFO] com.planit.tests.pages.ShoppingCartPage - user action on cartPage
[2025-06-01 15:24:02] [INFO] com.planit.tests.pages.ShoppingCartPage - web sub total value: 49.95
[2025-06-01 15:24:02] [INFO] com.planit.tests.pages.ShoppingCartPage - Product Price on web 9.99
[2025-06-01 15:24:02] [INFO] com.planit.tests.pages.ShoppingCartPage - web sub total value: 44.97
[2025-06-01 15:24:02] [INFO] com.planit.tests.pages.ShoppingCartPage - Product Price on web 14.99
[2025-06-01 15:24:03] [INFO] com.planit.tests.pages.ShoppingCartPage -  web total of all product:116.9
[2025-06-01 15:24:03] [INFO] com.planit.tests.pages.ShoppingCartPage - get the value of total from web nav bar116.9
[2025-06-01 15:24:03] [INFO] com.planit.tests.listeners.TestListener - ‚úÖ Test passed: testAddProductsToCart
[2025-06-01 15:24:03] [INFO] com.planit.tests.listeners.TestListener - üü° Test started: testEmptyFormValidation
[2025-06-01 15:24:03] [INFO] com.planit.tests.pages.ContactPage - user navigated in contact form
[2025-06-01 15:24:06] [INFO] com.planit.tests.pages.ContactPage - user perform click on on blank input
[2025-06-01 15:24:06] [INFO] com.planit.tests.pages.ContactPage - validation for blank error
[2025-06-01 15:24:06] [INFO] com.planit.tests.pages.ContactPage - validation for blank error
[2025-06-01 15:24:06] [INFO] com.planit.tests.pages.ContactPage - validation for blank error
[2025-06-01 15:24:07] [INFO] com.planit.tests.pages.ContactPage - validation for blank error gone
[2025-06-01 15:24:08] [INFO] com.planit.tests.pages.ContactPage - validation for blank error gone
[2025-06-01 15:24:08] [INFO] com.planit.tests.pages.ContactPage - validation for blank error gone
[2025-06-01 15:24:08] [INFO] com.planit.tests.listeners.TestListener - ‚úÖ Test passed: testEmptyFormValidation
[2025-06-01 15:24:08] [INFO] com.planit.tests.listeners.TestListener - üü° Test started: testValidFormSubmission
[2025-06-01 15:24:08] [INFO] com.planit.tests.pages.ContactPage - user navigated in contact form
[2025-06-01 15:24:09] [INFO] com.planit.tests.pages.ContactPage - user perform click on on blank input
[2025-06-01 15:24:09] [INFO] com.planit.tests.pages.ContactPage - waiting for pop-up
[2025-06-01 15:24:12] [INFO] com.planit.tests.pages.ContactPage - validation for Success message
[2025-06-01 15:24:13] [INFO] com.planit.tests.pages.ContactPage - user perform back operation on success screen
[2025-06-01 15:24:13] [INFO] com.planit.tests.listeners.TestListener - ‚úÖ Test passed: testValidFormSubmission
[2025-06-01 15:24:13] [INFO] com.planit.tests.listeners.TestListener - üü° Test started: testValidFormSubmission
[2025-06-01 15:24:13] [INFO] com.planit.tests.pages.ContactPage - user navigated in contact form
[2025-06-01 15:24:14] [INFO] com.planit.tests.pages.ContactPage - user perform click on on blank input
[2025-06-01 15:24:14] [INFO] com.planit.tests.pages.ContactPage - waiting for pop-up
[2025-06-01 15:25:30] [INFO] com.planit.tests.listeners.TestListener - === Test Suite started ===
[2025-06-01 15:25:40] [INFO] com.planit.tests.base.BaseTest - Browser started in chrome
[2025-06-01 15:25:43] [INFO] com.planit.tests.listeners.TestListener - üü° Test started: testAddProductsToCart
[2025-06-01 15:25:44] [INFO] com.planit.tests.pages.ShoppingCartPage - user action on shop 
[2025-06-01 15:25:44] [INFO] com.planit.tests.pages.ShoppingCartPage - price of product: 10.99
[2025-06-01 15:25:45] [INFO] com.planit.tests.pages.ShoppingCartPage - Name of product the: 'Funny Cow' Price is $By.xpath: //h4[text()='Funny Cow']/following::a[contains(text(),'Buy')][1]
[2025-06-01 15:25:45] [INFO] com.planit.tests.pages.ShoppingCartPage - Name of product the: 'Funny Cow' Price is $By.xpath: //h4[text()='Funny Cow']/following::a[contains(text(),'Buy')][1]
[2025-06-01 15:25:45] [INFO] com.planit.tests.pages.ShoppingCartPage - price of product: Funny Cow : unitPrice
[2025-06-01 15:25:45] [INFO] com.planit.tests.pages.ShoppingCartPage - price of product: 9.99
[2025-06-01 15:25:46] [INFO] com.planit.tests.pages.ShoppingCartPage - Name of product the: 'Fluffy Bunny' Price is $By.xpath: //h4[text()='Fluffy Bunny']/following::a[contains(text(),'Buy')][1]
[2025-06-01 15:25:46] [INFO] com.planit.tests.pages.ShoppingCartPage - Name of product the: 'Fluffy Bunny' Price is $By.xpath: //h4[text()='Fluffy Bunny']/following::a[contains(text(),'Buy')][1]
[2025-06-01 15:25:46] [INFO] com.planit.tests.pages.ShoppingCartPage - Name of product the: 'Fluffy Bunny' Price is $By.xpath: //h4[text()='Fluffy Bunny']/following::a[contains(text(),'Buy')][1]
[2025-06-01 15:25:46] [INFO] com.planit.tests.pages.ShoppingCartPage - Name of product the: 'Fluffy Bunny' Price is $By.xpath: //h4[text()='Fluffy Bunny']/following::a[contains(text(),'Buy')][1]
[2025-06-01 15:25:46] [INFO] com.planit.tests.pages.ShoppingCartPage - Name of product the: 'Fluffy Bunny' Price is $By.xpath: //h4[text()='Fluffy Bunny']/following::a[contains(text(),'Buy')][1]
[2025-06-01 15:25:46] [INFO] com.planit.tests.pages.ShoppingCartPage - price of product: Fluffy Bunny : unitPrice
[2025-06-01 15:25:46] [INFO] com.planit.tests.pages.ShoppingCartPage - price of product: 14.99
[2025-06-01 15:25:47] [INFO] com.planit.tests.pages.ShoppingCartPage - Name of product the: 'Valentine Bear' Price is $By.xpath: //h4[text()='Valentine Bear']/following::a[contains(text(),'Buy')][1]
[2025-06-01 15:25:47] [INFO] com.planit.tests.pages.ShoppingCartPage - Name of product the: 'Valentine Bear' Price is $By.xpath: //h4[text()='Valentine Bear']/following::a[contains(text(),'Buy')][1]
[2025-06-01 15:25:47] [INFO] com.planit.tests.pages.ShoppingCartPage - Name of product the: 'Valentine Bear' Price is $By.xpath: //h4[text()='Valentine Bear']/following::a[contains(text(),'Buy')][1]
[2025-06-01 15:25:47] [INFO] com.planit.tests.pages.ShoppingCartPage - price of product: Valentine Bear : unitPrice
[2025-06-01 15:25:47] [INFO] com.planit.tests.pages.ShoppingCartPage - user action on cartPage
[2025-06-01 15:25:51] [INFO] com.planit.tests.pages.ShoppingCartPage - web sub total value: 49.95
[2025-06-01 15:25:51] [INFO] com.planit.tests.pages.ShoppingCartPage - Product Price on web 9.99
[2025-06-01 15:25:51] [INFO] com.planit.tests.pages.ShoppingCartPage - web sub total value: 44.97
[2025-06-01 15:25:51] [INFO] com.planit.tests.pages.ShoppingCartPage - Product Price on web 14.99
[2025-06-01 15:25:51] [INFO] com.planit.tests.pages.ShoppingCartPage -  web total of all product:116.9
[2025-06-01 15:25:51] [INFO] com.planit.tests.pages.ShoppingCartPage - get the value of total from web nav bar116.9
[2025-06-01 15:25:51] [INFO] com.planit.tests.listeners.TestListener - ‚úÖ Test passed: testAddProductsToCart
[2025-06-01 15:25:51] [INFO] com.planit.tests.listeners.TestListener - üü° Test started: testEmptyFormValidation
[2025-06-01 15:25:52] [INFO] com.planit.tests.pages.ContactPage - user navigated in contact form
[2025-06-01 15:25:54] [INFO] com.planit.tests.pages.ContactPage - user perform click on on blank input
[2025-06-01 15:25:54] [INFO] com.planit.tests.pages.ContactPage - validation for blank error
[2025-06-01 15:25:54] [INFO] com.planit.tests.pages.ContactPage - validation for blank error
[2025-06-01 15:25:54] [INFO] com.planit.tests.pages.ContactPage - validation for blank error
[2025-06-01 15:25:56] [INFO] com.planit.tests.pages.ContactPage - validation for blank error gone
[2025-06-01 15:25:56] [INFO] com.planit.tests.pages.ContactPage - validation for blank error gone
[2025-06-01 15:25:56] [INFO] com.planit.tests.pages.ContactPage - validation for blank error gone
[2025-06-01 15:25:56] [INFO] com.planit.tests.listeners.TestListener - ‚úÖ Test passed: testEmptyFormValidation
[2025-06-01 15:25:56] [INFO] com.planit.tests.listeners.TestListener - üü° Test started: testValidFormSubmission
[2025-06-01 15:25:56] [INFO] com.planit.tests.pages.ContactPage - user navigated in contact form
[2025-06-01 15:25:57] [INFO] com.planit.tests.pages.ContactPage - user perform click on on blank input
[2025-06-01 15:25:57] [INFO] com.planit.tests.pages.ContactPage - waiting for pop-up
[2025-06-01 15:26:02] [INFO] com.planit.tests.pages.ContactPage - validation for Success message
[2025-06-01 15:26:03] [INFO] com.planit.tests.pages.ContactPage - user perform back operation on success screen
[2025-06-01 15:26:03] [INFO] com.planit.tests.listeners.TestListener - ‚úÖ Test passed: testValidFormSubmission
[2025-06-01 15:26:03] [INFO] com.planit.tests.listeners.TestListener - üü° Test started: testValidFormSubmission
[2025-06-01 15:26:04] [INFO] com.planit.tests.pages.ContactPage - user navigated in contact form
[2025-06-01 15:26:04] [INFO] com.planit.tests.pages.ContactPage - user perform click on on blank input
[2025-06-01 15:26:04] [INFO] com.planit.tests.pages.ContactPage - waiting for pop-up
[2025-06-01 15:26:10] [INFO] com.planit.tests.pages.ContactPage - validation for Success message
[2025-06-01 15:26:10] [INFO] com.planit.tests.pages.ContactPage - user perform back operation on success screen
[2025-06-01 15:26:10] [INFO] com.planit.tests.listeners.TestListener - ‚úÖ Test passed: testValidFormSubmission
[2025-06-01 15:26:10] [INFO] com.planit.tests.listeners.TestListener - üü° Test started: testValidFormSubmission
[2025-06-01 15:26:10] [INFO] com.planit.tests.pages.ContactPage - user navigated in contact form
[2025-06-01 15:26:11] [INFO] com.planit.tests.pages.ContactPage - user perform click on on blank input
[2025-06-01 15:26:11] [INFO] com.planit.tests.pages.ContactPage - waiting for pop-up
[2025-06-01 15:45:51] [INFO] com.planit.tests.listeners.TestListener - === Test Suite started ===
[2025-06-01 15:46:01] [INFO] com.planit.tests.base.BaseTest - Browser started in chrome
[2025-06-01 15:46:04] [INFO] com.planit.tests.listeners.TestListener - üü° Test started: testAddProductsToCart
[2025-06-01 15:46:05] [INFO] com.planit.tests.pages.ShoppingCartPage - user action on shop 
[2025-06-01 15:46:06] [INFO] com.planit.tests.pages.ShoppingCartPage - price of product: 10.99
[2025-06-01 15:46:07] [INFO] com.planit.tests.pages.ShoppingCartPage - Name of product the: 'Funny Cow' Price is $By.xpath: //h4[text()='Funny Cow']/following::a[contains(text(),'Buy')][1]
[2025-06-01 15:46:07] [INFO] com.planit.tests.pages.ShoppingCartPage - Name of product the: 'Funny Cow' Price is $By.xpath: //h4[text()='Funny Cow']/following::a[contains(text(),'Buy')][1]
[2025-06-01 15:46:07] [INFO] com.planit.tests.pages.ShoppingCartPage - price of product: Funny Cow : unitPrice
[2025-06-01 15:46:07] [INFO] com.planit.tests.pages.ShoppingCartPage - price of product: 9.99
[2025-06-01 15:46:07] [INFO] com.planit.tests.pages.ShoppingCartPage - Name of product the: 'Fluffy Bunny' Price is $By.xpath: //h4[text()='Fluffy Bunny']/following::a[contains(text(),'Buy')][1]
[2025-06-01 15:46:07] [INFO] com.planit.tests.pages.ShoppingCartPage - Name of product the: 'Fluffy Bunny' Price is $By.xpath: //h4[text()='Fluffy Bunny']/following::a[contains(text(),'Buy')][1]
[2025-06-01 15:46:07] [INFO] com.planit.tests.pages.ShoppingCartPage - Name of product the: 'Fluffy Bunny' Price is $By.xpath: //h4[text()='Fluffy Bunny']/following::a[contains(text(),'Buy')][1]
[2025-06-01 15:46:08] [INFO] com.planit.tests.pages.ShoppingCartPage - Name of product the: 'Fluffy Bunny' Price is $By.xpath: //h4[text()='Fluffy Bunny']/following::a[contains(text(),'Buy')][1]
[2025-06-01 15:46:08] [INFO] com.planit.tests.pages.ShoppingCartPage - Name of product the: 'Fluffy Bunny' Price is $By.xpath: //h4[text()='Fluffy Bunny']/following::a[contains(text(),'Buy')][1]
[2025-06-01 15:46:08] [INFO] com.planit.tests.pages.ShoppingCartPage - price of product: Fluffy Bunny : unitPrice
[2025-06-01 15:50:22] [INFO] com.planit.tests.listeners.TestListener - === Test Suite started ===
[2025-06-01 15:50:30] [INFO] com.planit.tests.base.BaseTest - Browser started in chrome headless mode
[2025-06-01 15:50:33] [INFO] com.planit.tests.listeners.TestListener - üü° Test started: testAddProductsToCart
[2025-06-01 15:50:34] [INFO] com.planit.tests.pages.ShoppingCartPage - user action on shop 
[2025-06-01 15:50:36] [INFO] com.planit.tests.pages.ShoppingCartPage - price of product: 10.99
[2025-06-01 15:50:37] [INFO] com.planit.tests.pages.ShoppingCartPage - Name of product the: 'Funny Cow' Price is $By.xpath: //h4[text()='Funny Cow']/following::a[contains(text(),'Buy')][1]
[2025-06-01 15:50:37] [INFO] com.planit.tests.pages.ShoppingCartPage - Name of product the: 'Funny Cow' Price is $By.xpath: //h4[text()='Funny Cow']/following::a[contains(text(),'Buy')][1]
[2025-06-01 15:50:37] [INFO] com.planit.tests.pages.ShoppingCartPage - price of product: Funny Cow : unitPrice
[2025-06-01 15:50:37] [INFO] com.planit.tests.pages.ShoppingCartPage - price of product: 9.99
[2025-06-01 15:50:37] [INFO] com.planit.tests.pages.ShoppingCartPage - Name of product the: 'Fluffy Bunny' Price is $By.xpath: //h4[text()='Fluffy Bunny']/following::a[contains(text(),'Buy')][1]
[2025-06-01 15:50:38] [INFO] com.planit.tests.pages.ShoppingCartPage - Name of product the: 'Fluffy Bunny' Price is $By.xpath: //h4[text()='Fluffy Bunny']/following::a[contains(text(),'Buy')][1]
[2025-06-01 15:50:38] [INFO] com.planit.tests.pages.ShoppingCartPage - Name of product the: 'Fluffy Bunny' Price is $By.xpath: //h4[text()='Fluffy Bunny']/following::a[contains(text(),'Buy')][1]
[2025-06-01 15:50:38] [INFO] com.planit.tests.pages.ShoppingCartPage - Name of product the: 'Fluffy Bunny' Price is $By.xpath: //h4[text()='Fluffy Bunny']/following::a[contains(text(),'Buy')][1]
[2025-06-01 15:50:38] [INFO] com.planit.tests.pages.ShoppingCartPage - Name of product the: 'Fluffy Bunny' Price is $By.xpath: //h4[text()='Fluffy Bunny']/following::a[contains(text(),'Buy')][1]
[2025-06-01 15:50:38] [INFO] com.planit.tests.pages.ShoppingCartPage - price of product: Fluffy Bunny : unitPrice
[2025-06-01 15:50:38] [INFO] com.planit.tests.pages.ShoppingCartPage - price of product: 14.99
[2025-06-01 15:50:38] [INFO] com.planit.tests.pages.ShoppingCartPage - Name of product the: 'Valentine Bear' Price is $By.xpath: //h4[text()='Valentine Bear']/following::a[contains(text(),'Buy')][1]
[2025-06-01 15:50:39] [INFO] com.planit.tests.pages.ShoppingCartPage - Name of product the: 'Valentine Bear' Price is $By.xpath: //h4[text()='Valentine Bear']/following::a[contains(text(),'Buy')][1]
[2025-06-01 15:50:39] [INFO] com.planit.tests.pages.ShoppingCartPage - Name of product the: 'Valentine Bear' Price is $By.xpath: //h4[text()='Valentine Bear']/following::a[contains(text(),'Buy')][1]
[2025-06-01 15:50:39] [INFO] com.planit.tests.pages.ShoppingCartPage - price of product: Valentine Bear : unitPrice
[2025-06-01 15:50:39] [INFO] com.planit.tests.pages.ShoppingCartPage - user action on cartPage
[2025-06-01 15:50:43] [INFO] com.planit.tests.pages.ShoppingCartPage -  web total of all product:116.9
[2025-06-01 15:50:44] [INFO] com.planit.tests.pages.ShoppingCartPage - get the value of total from web nav bar116.9
[2025-06-01 15:50:44] [INFO] com.planit.tests.listeners.TestListener - ‚úÖ Test passed: testAddProductsToCart
[2025-06-01 15:50:44] [INFO] com.planit.tests.listeners.TestListener - üü° Test started: testEmptyFormValidation
[2025-06-01 15:50:44] [INFO] com.planit.tests.pages.ContactPage - user navigated in contact form
[2025-06-01 15:50:47] [INFO] com.planit.tests.pages.ContactPage - user perform click on on blank input
[2025-06-01 15:50:47] [INFO] com.planit.tests.pages.ContactPage - validation for blank error
[2025-06-01 15:50:47] [INFO] com.planit.tests.pages.ContactPage - validation for blank error
[2025-06-01 15:50:47] [INFO] com.planit.tests.pages.ContactPage - validation for blank error
[2025-06-01 15:50:49] [INFO] com.planit.tests.pages.ContactPage - validation for blank error gone
[2025-06-01 15:50:49] [INFO] com.planit.tests.pages.ContactPage - validation for blank error gone
[2025-06-01 15:50:50] [INFO] com.planit.tests.pages.ContactPage - validation for blank error gone
[2025-06-01 15:50:50] [INFO] com.planit.tests.listeners.TestListener - ‚úÖ Test passed: testEmptyFormValidation
[2025-06-01 15:50:50] [INFO] com.planit.tests.listeners.TestListener - üü° Test started: testValidFormSubmission
[2025-06-01 15:50:50] [INFO] com.planit.tests.pages.ContactPage - user navigated in contact form
[2025-06-01 15:50:51] [INFO] com.planit.tests.pages.ContactPage - user perform click on on blank input
[2025-06-01 15:50:51] [INFO] com.planit.tests.pages.ContactPage - waiting for pop-up
[2025-06-01 15:50:53] [INFO] com.planit.tests.pages.ContactPage - validation for Success message
[2025-06-01 15:50:53] [INFO] com.planit.tests.pages.ContactPage - user perform back operation on success screen
[2025-06-01 15:50:53] [INFO] com.planit.tests.listeners.TestListener - ‚úÖ Test passed: testValidFormSubmission
[2025-06-01 15:50:53] [INFO] com.planit.tests.listeners.TestListener - üü° Test started: testValidFormSubmission
[2025-06-01 15:50:54] [INFO] com.planit.tests.pages.ContactPage - user navigated in contact form
[2025-06-01 15:50:55] [INFO] com.planit.tests.pages.ContactPage - user perform click on on blank input
[2025-06-01 15:50:55] [INFO] com.planit.tests.pages.ContactPage - waiting for pop-up
[2025-06-01 15:51:02] [INFO] com.planit.tests.pages.ContactPage - validation for Success message
[2025-06-01 15:51:02] [INFO] com.planit.tests.pages.ContactPage - user perform back operation on success screen
[2025-06-01 15:51:02] [INFO] com.planit.tests.listeners.TestListener - ‚úÖ Test passed: testValidFormSubmission
[2025-06-01 15:51:02] [INFO] com.planit.tests.listeners.TestListener - üü° Test started: testValidFormSubmission
[2025-06-01 15:51:02] [INFO] com.planit.tests.pages.ContactPage - user navigated in contact form
[2025-06-01 15:51:03] [INFO] com.planit.tests.pages.ContactPage - user perform click on on blank input
[2025-06-01 15:51:03] [INFO] com.planit.tests.pages.ContactPage - waiting for pop-up
[2025-06-01 15:51:11] [INFO] com.planit.tests.pages.ContactPage - validation for Success message
[2025-06-01 15:51:11] [INFO] com.planit.tests.pages.ContactPage - user perform back operation on success screen
[2025-06-01 15:51:11] [INFO] com.planit.tests.listeners.TestListener - ‚úÖ Test passed: testValidFormSubmission
[2025-06-01 15:51:11] [INFO] com.planit.tests.listeners.TestListener - üü° Test started: testValidFormSubmission
[2025-06-01 15:51:11] [INFO] com.planit.tests.pages.ContactPage - user navigated in contact form
[2025-06-01 15:51:11] [INFO] com.planit.tests.pages.ContactPage - user perform click on on blank input
[2025-06-01 15:51:11] [INFO] com.planit.tests.pages.ContactPage - waiting for pop-up
[2025-06-01 15:51:16] [INFO] com.planit.tests.pages.ContactPage - validation for Success message
[2025-06-01 15:51:16] [INFO] com.planit.tests.pages.ContactPage - user perform back operation on success screen
[2025-06-01 15:51:16] [INFO] com.planit.tests.listeners.TestListener - ‚úÖ Test passed: testValidFormSubmission
[2025-06-01 15:51:16] [INFO] com.planit.tests.listeners.TestListener - üü° Test started: testValidFormSubmission
[2025-06-01 15:51:16] [INFO] com.planit.tests.pages.ContactPage - user navigated in contact form
[2025-06-01 15:51:17] [INFO] com.planit.tests.pages.ContactPage - user perform click on on blank input
[2025-06-01 15:51:17] [INFO] com.planit.tests.pages.ContactPage - waiting for pop-up
[2025-06-01 15:51:21] [INFO] com.planit.tests.pages.ContactPage - validation for Success message
[2025-06-01 15:51:22] [INFO] com.planit.tests.pages.ContactPage - user perform back operation on success screen
[2025-06-01 15:51:22] [INFO] com.planit.tests.listeners.TestListener - ‚úÖ Test passed: testValidFormSubmission
[2025-06-01 15:51:22] [INFO] com.planit.tests.base.BaseTest - Browser closed
[2025-06-01 15:51:22] [INFO] com.planit.tests.listeners.TestListener - === Test Suite finished ===
[2025-06-01 16:01:36] [INFO] com.planit.tests.listeners.TestListener - === Test Suite started ===
[2025-06-01 16:01:47] [INFO] com.planit.tests.base.BaseTest - Browser started in chrome
[2025-06-01 16:01:51] [INFO] com.planit.tests.listeners.TestListener - üü° Test started: testAddProductsToCart
[2025-06-01 16:01:52] [INFO] com.planit.tests.pages.ShoppingCartPage - user action on shop 
[2025-06-01 16:01:53] [INFO] com.planit.tests.pages.ShoppingCartPage - price of product: 10.99
[2025-06-01 16:01:53] [INFO] com.planit.tests.pages.ShoppingCartPage - Name of product the: 'Funny Cow' Price is $By.xpath: //h4[text()='Funny Cow']/following::a[contains(text(),'Buy')][1]
[2025-06-01 16:01:54] [INFO] com.planit.tests.pages.ShoppingCartPage - Name of product the: 'Funny Cow' Price is $By.xpath: //h4[text()='Funny Cow']/following::a[contains(text(),'Buy')][1]
[2025-06-01 16:01:54] [INFO] com.planit.tests.pages.ShoppingCartPage - price of product: Funny Cow : unitPrice
[2025-06-01 16:01:54] [INFO] com.planit.tests.pages.ShoppingCartPage - price of product: 9.99
[2025-06-01 16:01:54] [INFO] com.planit.tests.pages.ShoppingCartPage - Name of product the: 'Fluffy Bunny' Price is $By.xpath: //h4[text()='Fluffy Bunny']/following::a[contains(text(),'Buy')][1]
[2025-06-01 16:01:54] [INFO] com.planit.tests.pages.ShoppingCartPage - Name of product the: 'Fluffy Bunny' Price is $By.xpath: //h4[text()='Fluffy Bunny']/following::a[contains(text(),'Buy')][1]
[2025-06-01 16:01:54] [INFO] com.planit.tests.pages.ShoppingCartPage - Name of product the: 'Fluffy Bunny' Price is $By.xpath: //h4[text()='Fluffy Bunny']/following::a[contains(text(),'Buy')][1]
[2025-06-01 16:01:54] [INFO] com.planit.tests.pages.ShoppingCartPage - Name of product the: 'Fluffy Bunny' Price is $By.xpath: //h4[text()='Fluffy Bunny']/following::a[contains(text(),'Buy')][1]
[2025-06-01 16:01:55] [INFO] com.planit.tests.pages.ShoppingCartPage - Name of product the: 'Fluffy Bunny' Price is $By.xpath: //h4[text()='Fluffy Bunny']/following::a[contains(text(),'Buy')][1]
[2025-06-01 16:01:55] [INFO] com.planit.tests.pages.ShoppingCartPage - price of product: Fluffy Bunny : unitPrice
[2025-06-01 16:01:55] [INFO] com.planit.tests.pages.ShoppingCartPage - price of product: 14.99
[2025-06-01 16:01:55] [INFO] com.planit.tests.pages.ShoppingCartPage - Name of product the: 'Valentine Bear' Price is $By.xpath: //h4[text()='Valentine Bear']/following::a[contains(text(),'Buy')][1]
[2025-06-01 16:01:55] [INFO] com.planit.tests.pages.ShoppingCartPage - Name of product the: 'Valentine Bear' Price is $By.xpath: //h4[text()='Valentine Bear']/following::a[contains(text(),'Buy')][1]
[2025-06-01 16:01:55] [INFO] com.planit.tests.pages.ShoppingCartPage - Name of product the: 'Valentine Bear' Price is $By.xpath: //h4[text()='Valentine Bear']/following::a[contains(text(),'Buy')][1]
[2025-06-01 16:01:55] [INFO] com.planit.tests.pages.ShoppingCartPage - price of product: Valentine Bear : unitPrice
[2025-06-01 16:01:55] [INFO] com.planit.tests.pages.ShoppingCartPage - user action on cartPage
[2025-06-01 16:01:59] [INFO] com.planit.tests.pages.ShoppingCartPage - web sub total value: 49.95
[2025-06-01 16:01:59] [INFO] com.planit.tests.pages.ShoppingCartPage - Product Price on web 9.99
[2025-06-01 16:02:00] [INFO] com.planit.tests.pages.ShoppingCartPage - web sub total value: 44.97
[2025-06-01 16:02:00] [INFO] com.planit.tests.pages.ShoppingCartPage - Product Price on web 14.99
[2025-06-01 16:02:00] [INFO] com.planit.tests.pages.ShoppingCartPage -  web total of all product:116.9
[2025-06-01 16:02:00] [INFO] com.planit.tests.pages.ShoppingCartPage - get the value of total from web nav bar116.9
[2025-06-01 16:02:00] [INFO] com.planit.tests.listeners.TestListener - ‚úÖ Test passed: testAddProductsToCart
[2025-06-01 16:02:00] [INFO] com.planit.tests.listeners.TestListener - üü° Test started: testEmptyFormValidation
[2025-06-01 16:02:00] [INFO] com.planit.tests.pages.ContactPage - user navigated in contact form
[2025-06-01 16:02:02] [INFO] com.planit.tests.pages.ContactPage - user perform click on on blank input
[2025-06-01 16:02:02] [INFO] com.planit.tests.pages.ContactPage - validation for blank error
[2025-06-01 16:02:03] [INFO] com.planit.tests.pages.ContactPage - validation for blank error
[2025-06-01 16:02:03] [INFO] com.planit.tests.pages.ContactPage - validation for blank error
[2025-06-01 16:02:04] [INFO] com.planit.tests.pages.ContactPage - validation for blank error gone
[2025-06-01 16:02:04] [INFO] com.planit.tests.pages.ContactPage - validation for blank error gone
[2025-06-01 16:02:04] [INFO] com.planit.tests.pages.ContactPage - validation for blank error gone
[2025-06-01 16:02:04] [INFO] com.planit.tests.listeners.TestListener - ‚úÖ Test passed: testEmptyFormValidation
[2025-06-01 16:02:04] [INFO] com.planit.tests.listeners.TestListener - üü° Test started: testValidFormSubmission
[2025-06-01 16:02:05] [INFO] com.planit.tests.pages.ContactPage - user navigated in contact form
[2025-06-01 16:02:06] [INFO] com.planit.tests.pages.ContactPage - user perform click on on blank input
[2025-06-01 16:02:06] [INFO] com.planit.tests.pages.ContactPage - waiting for pop-up
[2025-06-01 16:02:10] [INFO] com.planit.tests.pages.ContactPage - validation for Success message
[2025-06-01 16:02:11] [INFO] com.planit.tests.pages.ContactPage - user perform back operation on success screen
[2025-06-01 16:02:11] [INFO] com.planit.tests.listeners.TestListener - ‚úÖ Test passed: testValidFormSubmission
[2025-06-01 16:02:11] [INFO] com.planit.tests.listeners.TestListener - üü° Test started: testValidFormSubmission
[2025-06-01 16:02:11] [INFO] com.planit.tests.pages.ContactPage - user navigated in contact form
[2025-06-01 16:02:11] [INFO] com.planit.tests.pages.ContactPage - user perform click on on blank input
[2025-06-01 16:02:11] [INFO] com.planit.tests.pages.ContactPage - waiting for pop-up
[2025-06-01 16:02:14] [INFO] com.planit.tests.pages.ContactPage - validation for Success message
[2025-06-01 16:02:14] [INFO] com.planit.tests.pages.ContactPage - user perform back operation on success screen
[2025-06-01 16:02:14] [INFO] com.planit.tests.listeners.TestListener - ‚úÖ Test passed: testValidFormSubmission
[2025-06-01 16:02:14] [INFO] com.planit.tests.listeners.TestListener - üü° Test started: testValidFormSubmission
[2025-06-01 16:02:14] [INFO] com.planit.tests.pages.ContactPage - user navigated in contact form
[2025-06-01 16:02:15] [INFO] com.planit.tests.pages.ContactPage - user perform click on on blank input
[2025-06-01 16:02:15] [INFO] com.planit.tests.pages.ContactPage - waiting for pop-up
[2025-06-01 16:02:33] [INFO] com.planit.tests.pages.ContactPage - validation for Success message
[2025-06-01 16:02:33] [INFO] com.planit.tests.pages.ContactPage - user perform back operation on success screen
[2025-06-01 16:02:33] [INFO] com.planit.tests.listeners.TestListener - ‚úÖ Test passed: testValidFormSubmission
[2025-06-01 16:02:33] [INFO] com.planit.tests.listeners.TestListener - üü° Test started: testValidFormSubmission
[2025-06-01 16:02:33] [INFO] com.planit.tests.pages.ContactPage - user navigated in contact form
[2025-06-01 16:02:34] [INFO] com.planit.tests.pages.ContactPage - user perform click on on blank input
[2025-06-01 16:02:34] [INFO] com.planit.tests.pages.ContactPage - waiting for pop-up
[2025-06-01 16:02:37] [INFO] com.planit.tests.pages.ContactPage - validation for Success message
[2025-06-01 16:02:37] [INFO] com.planit.tests.pages.ContactPage - user perform back operation on success screen
[2025-06-01 16:02:37] [INFO] com.planit.tests.listeners.TestListener - ‚úÖ Test passed: testValidFormSubmission
[2025-06-01 16:02:37] [INFO] com.planit.tests.listeners.TestListener - üü° Test started: testValidFormSubmission
[2025-06-01 16:02:37] [INFO] com.planit.tests.pages.ContactPage - user navigated in contact form
[2025-06-01 16:02:37] [INFO] com.planit.tests.pages.ContactPage - user perform click on on blank input
[2025-06-01 16:02:37] [INFO] com.planit.tests.pages.ContactPage - waiting for pop-up
[2025-06-01 16:02:40] [INFO] com.planit.tests.pages.ContactPage - validation for Success message
[2025-06-01 16:02:40] [INFO] com.planit.tests.pages.ContactPage - user perform back operation on success screen
[2025-06-01 16:02:40] [INFO] com.planit.tests.listeners.TestListener - ‚úÖ Test passed: testValidFormSubmission
[2025-06-01 16:02:40] [INFO] com.planit.tests.base.BaseTest - Browser closed
[2025-06-01 16:02:40] [INFO] com.planit.tests.listeners.TestListener - === Test Suite finished ===
[2025-06-01 20:43:44] [INFO] com.planit.tests.base.BaseTest - Browser started in chrome
[2025-06-01 20:43:49] [INFO] com.planit.tests.pages.ShoppingCartPage - user action on shop 
[2025-06-01 20:43:49] [INFO] com.planit.tests.pages.ShoppingCartPage - price of product: 10.99
[2025-06-01 20:43:50] [INFO] com.planit.tests.pages.ShoppingCartPage - Name of product the: 'Stuffed Frog' Price is $By.xpath: //h4[text()='Stuffed Frog']/following::a[contains(text(),'Buy')][1]
[2025-06-01 20:43:50] [INFO] com.planit.tests.pages.ShoppingCartPage - Name of product the: 'Stuffed Frog' Price is $By.xpath: //h4[text()='Stuffed Frog']/following::a[contains(text(),'Buy')][1]
[2025-06-01 20:43:50] [INFO] com.planit.tests.pages.ShoppingCartPage - price of product: Stuffed Frog : unitPrice
[2025-06-01 20:43:50] [INFO] com.planit.tests.pages.ShoppingCartPage - price of product: 9.99
[2025-06-01 20:43:51] [INFO] com.planit.tests.pages.ShoppingCartPage - Name of product the: 'Fluffy Bunny' Price is $By.xpath: //h4[text()='Fluffy Bunny']/following::a[contains(text(),'Buy')][1]
[2025-06-01 20:43:51] [INFO] com.planit.tests.pages.ShoppingCartPage - Name of product the: 'Fluffy Bunny' Price is $By.xpath: //h4[text()='Fluffy Bunny']/following::a[contains(text(),'Buy')][1]
[2025-06-01 20:43:51] [INFO] com.planit.tests.pages.ShoppingCartPage - Name of product the: 'Fluffy Bunny' Price is $By.xpath: //h4[text()='Fluffy Bunny']/following::a[contains(text(),'Buy')][1]
[2025-06-01 20:43:51] [INFO] com.planit.tests.pages.ShoppingCartPage - Name of product the: 'Fluffy Bunny' Price is $By.xpath: //h4[text()='Fluffy Bunny']/following::a[contains(text(),'Buy')][1]
[2025-06-01 20:43:51] [INFO] com.planit.tests.pages.ShoppingCartPage - Name of product the: 'Fluffy Bunny' Price is $By.xpath: //h4[text()='Fluffy Bunny']/following::a[contains(text(),'Buy')][1]
[2025-06-01 20:43:51] [INFO] com.planit.tests.pages.ShoppingCartPage - price of product: Fluffy Bunny : unitPrice
[2025-06-01 20:43:51] [INFO] com.planit.tests.pages.ShoppingCartPage - price of product: 14.99
[2025-06-01 20:43:52] [INFO] com.planit.tests.pages.ShoppingCartPage - Name of product the: 'Valentine Bear' Price is $By.xpath: //h4[text()='Valentine Bear']/following::a[contains(text(),'Buy')][1]
[2025-06-01 20:43:52] [INFO] com.planit.tests.pages.ShoppingCartPage - Name of product the: 'Valentine Bear' Price is $By.xpath: //h4[text()='Valentine Bear']/following::a[contains(text(),'Buy')][1]
[2025-06-01 20:43:52] [INFO] com.planit.tests.pages.ShoppingCartPage - Name of product the: 'Valentine Bear' Price is $By.xpath: //h4[text()='Valentine Bear']/following::a[contains(text(),'Buy')][1]
[2025-06-01 20:43:52] [INFO] com.planit.tests.pages.ShoppingCartPage - price of product: Valentine Bear : unitPrice
[2025-06-01 20:43:52] [INFO] com.planit.tests.pages.ShoppingCartPage - user action on cartPage
[2025-06-01 20:43:55] [INFO] com.planit.tests.pages.ShoppingCartPage - web sub total value: 21.98
[2025-06-01 20:43:55] [INFO] com.planit.tests.pages.ShoppingCartPage - Product Price on web 10.99
[2025-06-01 20:43:56] [INFO] com.planit.tests.pages.ShoppingCartPage - web sub total value: 49.95
[2025-06-01 20:43:56] [INFO] com.planit.tests.pages.ShoppingCartPage - Product Price on web 9.99
[2025-06-01 20:43:56] [INFO] com.planit.tests.pages.ShoppingCartPage - web sub total value: 44.97
[2025-06-01 20:43:56] [INFO] com.planit.tests.pages.ShoppingCartPage - Product Price on web 14.99
[2025-06-01 20:43:56] [INFO] com.planit.tests.pages.ShoppingCartPage -  web total of all product:116.9
[2025-06-01 20:43:56] [INFO] com.planit.tests.pages.ShoppingCartPage - get the value of total from web nav bar116.9
[2025-06-01 20:43:56] [INFO] com.planit.tests.base.BaseTest - Browser closed
[2025-06-01 20:46:31] [INFO] com.planit.tests.base.BaseTest - Browser started in chrome
[2025-06-01 20:46:35] [INFO] com.planit.tests.pages.ContactPage - user navigated in contact form
[2025-06-01 20:46:39] [INFO] com.planit.tests.pages.ContactPage - user perform click on on blank input
[2025-06-01 20:46:39] [INFO] com.planit.tests.pages.ContactPage - waiting for pop-up
[2025-06-01 20:46:41] [INFO] com.planit.tests.pages.ContactPage - validation for Success message
[2025-06-01 20:46:41] [INFO] com.planit.tests.pages.ContactPage - user perform back operation on success screen
[2025-06-01 20:46:41] [INFO] com.planit.tests.pages.ContactPage - user navigated in contact form
[2025-06-01 20:46:42] [INFO] com.planit.tests.pages.ContactPage - user perform click on on blank input
[2025-06-01 20:46:42] [INFO] com.planit.tests.pages.ContactPage - waiting for pop-up
[2025-06-01 20:46:45] [INFO] com.planit.tests.pages.ContactPage - validation for Success message
[2025-06-01 20:46:45] [INFO] com.planit.tests.pages.ContactPage - user perform back operation on success screen
[2025-06-01 20:46:46] [INFO] com.planit.tests.pages.ContactPage - user navigated in contact form
[2025-06-01 20:46:46] [INFO] com.planit.tests.pages.ContactPage - user perform click on on blank input
[2025-06-01 20:46:46] [INFO] com.planit.tests.pages.ContactPage - waiting for pop-up
[2025-06-01 20:47:01] [INFO] com.planit.tests.pages.ContactPage - validation for Success message
[2025-06-01 20:47:01] [INFO] com.planit.tests.pages.ContactPage - user perform back operation on success screen
[2025-06-01 20:47:01] [INFO] com.planit.tests.pages.ContactPage - user navigated in contact form
[2025-06-01 20:47:02] [INFO] com.planit.tests.pages.ContactPage - user perform click on on blank input
[2025-06-01 20:47:02] [INFO] com.planit.tests.pages.ContactPage - waiting for pop-up
[2025-06-01 20:47:05] [INFO] com.planit.tests.pages.ContactPage - validation for Success message
[2025-06-01 20:47:05] [INFO] com.planit.tests.pages.ContactPage - user perform back operation on success screen
[2025-06-01 20:47:05] [INFO] com.planit.tests.pages.ContactPage - user navigated in contact form
[2025-06-01 20:47:06] [INFO] com.planit.tests.pages.ContactPage - user perform click on on blank input
[2025-06-01 20:47:06] [INFO] com.planit.tests.pages.ContactPage - waiting for pop-up
[2025-06-01 20:47:07] [INFO] com.planit.tests.pages.ContactPage - validation for Success message
[2025-06-01 20:47:07] [INFO] com.planit.tests.pages.ContactPage - user perform back operation on success screen
[2025-06-01 20:47:08] [INFO] com.planit.tests.base.BaseTest - Browser closed
[2025-06-01 21:10:57] [INFO] com.planit.tests.listeners.TestListener - === Test Suite started ===
[2025-06-01 21:11:07] [INFO] com.planit.tests.base.BaseTest - Browser started in chrome
[2025-06-01 21:11:10] [INFO] com.planit.tests.listeners.TestListener - üü° Test started: testEmptyFormValidation
[2025-06-01 21:11:10] [INFO] com.planit.tests.listeners.TestListener - üü° Test started: testAddProductsToCart
[2025-06-01 21:11:11] [INFO] com.planit.tests.pages.ShoppingCartPage - user action on shop 
[2025-06-01 21:11:12] [INFO] com.planit.tests.pages.ContactPage - user navigated in contact form
[2025-06-01 21:11:13] [INFO] com.planit.tests.pages.ShoppingCartPage - price of product: 10.99
[2025-06-01 21:11:15] [INFO] com.planit.tests.pages.ContactPage - user perform click on on blank input
[2025-06-01 21:11:15] [INFO] com.planit.tests.pages.ContactPage - validation for blank error
[2025-06-01 21:11:15] [INFO] com.planit.tests.pages.ContactPage - validation for blank error
[2025-06-01 21:11:15] [INFO] com.planit.tests.pages.ContactPage - validation for blank error
[2025-06-01 21:11:16] [INFO] com.planit.tests.pages.ContactPage - validation for blank error gone
[2025-06-01 21:11:17] [INFO] com.planit.tests.pages.ContactPage - validation for blank error gone
[2025-06-01 21:11:17] [INFO] com.planit.tests.pages.ContactPage - validation for blank error gone
[2025-06-01 21:11:17] [INFO] com.planit.tests.listeners.TestListener - ‚úÖ Test passed: testEmptyFormValidation
[2025-06-01 21:11:17] [INFO] com.planit.tests.listeners.TestListener - üü° Test started: testValidFormSubmission
[2025-06-01 21:11:17] [INFO] com.planit.tests.pages.ContactPage - user navigated in contact form
[2025-06-01 21:11:18] [ERROR] com.planit.tests.listeners.TestListener - ‚ùå Test failed: testAddProductsToCart
[2025-06-01 21:11:19] [INFO] com.planit.tests.pages.ContactPage - user perform click on on blank input
[2025-06-01 21:11:19] [INFO] com.planit.tests.pages.ContactPage - waiting for pop-up
[2025-06-01 21:11:20] [INFO] com.planit.tests.pages.ContactPage - validation for Success message
[2025-06-01 21:11:21] [INFO] com.planit.tests.pages.ContactPage - user perform back operation on success screen
[2025-06-01 21:11:21] [INFO] com.planit.tests.listeners.TestListener - ‚úÖ Test passed: testValidFormSubmission
[2025-06-01 21:11:21] [INFO] com.planit.tests.listeners.TestListener - üü° Test started: testValidFormSubmission
[2025-06-01 21:11:21] [INFO] com.planit.tests.pages.ContactPage - user navigated in contact form
[2025-06-01 21:11:22] [INFO] com.planit.tests.pages.ContactPage - user perform click on on blank input
[2025-06-01 21:11:22] [INFO] com.planit.tests.pages.ContactPage - waiting for pop-up
[2025-06-01 21:11:39] [INFO] com.planit.tests.pages.ContactPage - validation for Success message
[2025-06-01 21:11:40] [INFO] com.planit.tests.pages.ContactPage - user perform back operation on success screen
[2025-06-01 21:11:40] [INFO] com.planit.tests.listeners.TestListener - ‚úÖ Test passed: testValidFormSubmission
[2025-06-01 21:11:40] [INFO] com.planit.tests.listeners.TestListener - üü° Test started: testValidFormSubmission
[2025-06-01 21:11:40] [INFO] com.planit.tests.pages.ContactPage - user navigated in contact form
[2025-06-01 21:11:40] [INFO] com.planit.tests.pages.ContactPage - user perform click on on blank input
[2025-06-01 21:11:40] [INFO] com.planit.tests.pages.ContactPage - waiting for pop-up
[2025-06-01 21:11:52] [INFO] com.planit.tests.pages.ContactPage - validation for Success message
[2025-06-01 21:11:52] [INFO] com.planit.tests.pages.ContactPage - user perform back operation on success screen
[2025-06-01 21:11:52] [INFO] com.planit.tests.listeners.TestListener - ‚úÖ Test passed: testValidFormSubmission
[2025-06-01 21:11:52] [INFO] com.planit.tests.listeners.TestListener - üü° Test started: testValidFormSubmission
[2025-06-01 21:11:52] [INFO] com.planit.tests.pages.ContactPage - user navigated in contact form
[2025-06-01 21:11:53] [INFO] com.planit.tests.pages.ContactPage - user perform click on on blank input
[2025-06-01 21:11:53] [INFO] com.planit.tests.pages.ContactPage - waiting for pop-up
[2025-06-01 21:12:06] [INFO] com.planit.tests.pages.ContactPage - validation for Success message
[2025-06-01 21:12:07] [INFO] com.planit.tests.pages.ContactPage - user perform back operation on success screen
[2025-06-01 21:12:07] [INFO] com.planit.tests.listeners.TestListener - ‚úÖ Test passed: testValidFormSubmission
[2025-06-01 21:12:07] [INFO] com.planit.tests.listeners.TestListener - üü° Test started: testValidFormSubmission
[2025-06-01 21:12:07] [INFO] com.planit.tests.pages.ContactPage - user navigated in contact form
[2025-06-01 21:12:07] [INFO] com.planit.tests.pages.ContactPage - user perform click on on blank input
[2025-06-01 21:12:07] [INFO] com.planit.tests.pages.ContactPage - waiting for pop-up
[2025-06-01 21:12:14] [INFO] com.planit.tests.pages.ContactPage - validation for Success message
[2025-06-01 21:12:15] [INFO] com.planit.tests.pages.ContactPage - user perform back operation on success screen
[2025-06-01 21:12:15] [INFO] com.planit.tests.listeners.TestListener - ‚úÖ Test passed: testValidFormSubmission
[2025-06-01 21:12:15] [INFO] com.planit.tests.base.BaseTest - Browser closed
[2025-06-01 21:12:15] [INFO] com.planit.tests.listeners.TestListener - === Test Suite finished ===
[2025-06-01 21:13:43] [INFO] com.planit.tests.listeners.TestListener - === Test Suite started ===
[2025-06-01 21:13:53] [INFO] com.planit.tests.base.BaseTest - Browser started in chrome
[2025-06-01 21:13:56] [INFO] com.planit.tests.listeners.TestListener - üü° Test started: testAddProductsToCart
[2025-06-01 21:13:57] [INFO] com.planit.tests.pages.ShoppingCartPage - user action on shop 
[2025-06-01 21:13:58] [INFO] com.planit.tests.pages.ShoppingCartPage - price of product: 10.99
[2025-06-01 21:13:58] [INFO] com.planit.tests.pages.ShoppingCartPage - Name of product the: 'Stuffed Frog' Price is $By.xpath: //h4[text()='Stuffed Frog']/following::a[contains(text(),'Buy')][1]
[2025-06-01 21:13:58] [INFO] com.planit.tests.pages.ShoppingCartPage - Name of product the: 'Stuffed Frog' Price is $By.xpath: //h4[text()='Stuffed Frog']/following::a[contains(text(),'Buy')][1]
[2025-06-01 21:13:58] [INFO] com.planit.tests.pages.ShoppingCartPage - price of product: Stuffed Frog : unitPrice
[2025-06-01 21:13:59] [INFO] com.planit.tests.pages.ShoppingCartPage - price of product: 9.99
[2025-06-01 21:13:59] [INFO] com.planit.tests.pages.ShoppingCartPage - Name of product the: 'Fluffy Bunny' Price is $By.xpath: //h4[text()='Fluffy Bunny']/following::a[contains(text(),'Buy')][1]
[2025-06-01 21:13:59] [INFO] com.planit.tests.pages.ShoppingCartPage - Name of product the: 'Fluffy Bunny' Price is $By.xpath: //h4[text()='Fluffy Bunny']/following::a[contains(text(),'Buy')][1]
[2025-06-01 21:13:59] [INFO] com.planit.tests.pages.ShoppingCartPage - Name of product the: 'Fluffy Bunny' Price is $By.xpath: //h4[text()='Fluffy Bunny']/following::a[contains(text(),'Buy')][1]
[2025-06-01 21:13:59] [INFO] com.planit.tests.pages.ShoppingCartPage - Name of product the: 'Fluffy Bunny' Price is $By.xpath: //h4[text()='Fluffy Bunny']/following::a[contains(text(),'Buy')][1]
[2025-06-01 21:13:59] [INFO] com.planit.tests.pages.ShoppingCartPage - Name of product the: 'Fluffy Bunny' Price is $By.xpath: //h4[text()='Fluffy Bunny']/following::a[contains(text(),'Buy')][1]
[2025-06-01 21:13:59] [INFO] com.planit.tests.pages.ShoppingCartPage - price of product: Fluffy Bunny : unitPrice
[2025-06-01 21:13:59] [INFO] com.planit.tests.pages.ShoppingCartPage - price of product: 14.99
[2025-06-01 21:14:00] [INFO] com.planit.tests.pages.ShoppingCartPage - Name of product the: 'Valentine Bear' Price is $By.xpath: //h4[text()='Valentine Bear']/following::a[contains(text(),'Buy')][1]
[2025-06-01 21:14:00] [INFO] com.planit.tests.pages.ShoppingCartPage - Name of product the: 'Valentine Bear' Price is $By.xpath: //h4[text()='Valentine Bear']/following::a[contains(text(),'Buy')][1]
[2025-06-01 21:14:00] [INFO] com.planit.tests.pages.ShoppingCartPage - Name of product the: 'Valentine Bear' Price is $By.xpath: //h4[text()='Valentine Bear']/following::a[contains(text(),'Buy')][1]
[2025-06-01 21:14:00] [INFO] com.planit.tests.pages.ShoppingCartPage - price of product: Valentine Bear : unitPrice
[2025-06-01 21:14:00] [INFO] com.planit.tests.pages.ShoppingCartPage - user action on cartPage
[2025-06-01 21:14:04] [INFO] com.planit.tests.pages.ShoppingCartPage - web sub total value: 21.98
[2025-06-01 21:14:04] [INFO] com.planit.tests.pages.ShoppingCartPage - Product Price on web 10.99
[2025-06-01 21:14:04] [INFO] com.planit.tests.pages.ShoppingCartPage - web sub total value: 49.95
[2025-06-01 21:14:04] [INFO] com.planit.tests.pages.ShoppingCartPage - Product Price on web 9.99
[2025-06-01 21:14:04] [INFO] com.planit.tests.pages.ShoppingCartPage - web sub total value: 44.97
[2025-06-01 21:14:04] [INFO] com.planit.tests.pages.ShoppingCartPage - Product Price on web 14.99
[2025-06-01 21:14:04] [INFO] com.planit.tests.pages.ShoppingCartPage -  web total of all product:116.9
[2025-06-01 21:14:04] [INFO] com.planit.tests.pages.ShoppingCartPage - get the value of total from web nav bar116.9
[2025-06-01 21:14:04] [INFO] com.planit.tests.listeners.TestListener - ‚úÖ Test passed: testAddProductsToCart
[2025-06-01 21:14:04] [INFO] com.planit.tests.listeners.TestListener - üü° Test started: testEmptyFormValidation
[2025-06-01 21:14:05] [INFO] com.planit.tests.pages.ContactPage - user navigated in contact form
[2025-06-01 21:14:08] [INFO] com.planit.tests.pages.ContactPage - user perform click on on blank input
[2025-06-01 21:14:08] [INFO] com.planit.tests.pages.ContactPage - validation for blank error
[2025-06-01 21:14:08] [INFO] com.planit.tests.pages.ContactPage - validation for blank error
[2025-06-01 21:14:08] [INFO] com.planit.tests.pages.ContactPage - validation for blank error
[2025-06-01 21:14:09] [INFO] com.planit.tests.pages.ContactPage - validation for blank error gone
[2025-06-01 21:14:09] [INFO] com.planit.tests.pages.ContactPage - validation for blank error gone
[2025-06-01 21:14:10] [INFO] com.planit.tests.pages.ContactPage - validation for blank error gone
[2025-06-01 21:14:10] [INFO] com.planit.tests.listeners.TestListener - ‚úÖ Test passed: testEmptyFormValidation
[2025-06-01 21:14:10] [INFO] com.planit.tests.listeners.TestListener - üü° Test started: testValidFormSubmission
[2025-06-01 21:14:10] [INFO] com.planit.tests.pages.ContactPage - user navigated in contact form
[2025-06-01 21:14:11] [INFO] com.planit.tests.pages.ContactPage - user perform click on on blank input
[2025-06-01 21:14:11] [INFO] com.planit.tests.pages.ContactPage - waiting for pop-up
[2025-06-01 21:14:14] [INFO] com.planit.tests.pages.ContactPage - validation for Success message
[2025-06-01 21:14:15] [INFO] com.planit.tests.pages.ContactPage - user perform back operation on success screen
[2025-06-01 21:14:15] [INFO] com.planit.tests.listeners.TestListener - ‚úÖ Test passed: testValidFormSubmission
[2025-06-01 21:14:15] [INFO] com.planit.tests.listeners.TestListener - üü° Test started: testValidFormSubmission
[2025-06-01 21:14:15] [INFO] com.planit.tests.pages.ContactPage - user navigated in contact form
[2025-06-01 21:14:15] [INFO] com.planit.tests.pages.ContactPage - user perform click on on blank input
[2025-06-01 21:14:15] [INFO] com.planit.tests.pages.ContactPage - waiting for pop-up
[2025-06-01 21:14:17] [INFO] com.planit.tests.pages.ContactPage - validation for Success message
[2025-06-01 21:14:18] [INFO] com.planit.tests.pages.ContactPage - user perform back operation on success screen
[2025-06-01 21:14:18] [INFO] com.planit.tests.listeners.TestListener - ‚úÖ Test passed: testValidFormSubmission
[2025-06-01 21:14:18] [INFO] com.planit.tests.listeners.TestListener - üü° Test started: testValidFormSubmission
[2025-06-01 21:14:18] [INFO] com.planit.tests.pages.ContactPage - user navigated in contact form
[2025-06-01 21:14:18] [INFO] com.planit.tests.pages.ContactPage - user perform click on on blank input
[2025-06-01 21:14:18] [INFO] com.planit.tests.pages.ContactPage - waiting for pop-up
[2025-06-01 21:14:29] [INFO] com.planit.tests.pages.ContactPage - validation for Success message
[2025-06-01 21:14:29] [INFO] com.planit.tests.pages.ContactPage - user perform back operation on success screen
[2025-06-01 21:14:29] [INFO] com.planit.tests.listeners.TestListener - ‚úÖ Test passed: testValidFormSubmission
[2025-06-01 21:14:29] [INFO] com.planit.tests.listeners.TestListener - üü° Test started: testValidFormSubmission
[2025-06-01 21:14:29] [INFO] com.planit.tests.pages.ContactPage - user navigated in contact form
[2025-06-01 21:14:29] [INFO] com.planit.tests.pages.ContactPage - user perform click on on blank input
[2025-06-01 21:14:29] [INFO] com.planit.tests.pages.ContactPage - waiting for pop-up
[2025-06-01 21:14:41] [INFO] com.planit.tests.pages.ContactPage - validation for Success message
[2025-06-01 21:14:41] [INFO] com.planit.tests.pages.ContactPage - user perform back operation on success screen
[2025-06-01 21:14:41] [INFO] com.planit.tests.listeners.TestListener - ‚úÖ Test passed: testValidFormSubmission
[2025-06-01 21:14:41] [INFO] com.planit.tests.listeners.TestListener - üü° Test started: testValidFormSubmission
[2025-06-01 21:14:42] [INFO] com.planit.tests.pages.ContactPage - user navigated in contact form
[2025-06-01 21:14:42] [INFO] com.planit.tests.pages.ContactPage - user perform click on on blank input
[2025-06-01 21:14:42] [INFO] com.planit.tests.pages.ContactPage - waiting for pop-up
[2025-06-01 21:14:55] [INFO] com.planit.tests.pages.ContactPage - validation for Success message
[2025-06-01 21:14:55] [INFO] com.planit.tests.pages.ContactPage - user perform back operation on success screen
[2025-06-01 21:14:55] [INFO] com.planit.tests.listeners.TestListener - ‚úÖ Test passed: testValidFormSubmission
[2025-06-01 21:14:56] [INFO] com.planit.tests.base.BaseTest - Browser closed
[2025-06-01 21:14:56] [INFO] com.planit.tests.listeners.TestListener - === Test Suite finished ===
[2025-06-02 09:52:13] [INFO] com.planit.tests.listeners.TestListener - === Test Suite started ===
[2025-06-02 09:52:24] [INFO] com.planit.tests.base.BaseTest - Browser started in chrome
[2025-06-02 09:52:28] [INFO] com.planit.tests.listeners.TestListener - üü° Test started: testAddProductsToCart
[2025-06-02 09:52:29] [INFO] com.planit.tests.pages.ShoppingCartPage - user action on shop 
[2025-06-02 09:52:30] [INFO] com.planit.tests.pages.ShoppingCartPage - price of product: 10.99
[2025-06-02 09:52:30] [INFO] com.planit.tests.pages.ShoppingCartPage - Name of product the: 'Stuffed Frog' Price is $By.xpath: //h4[text()='Stuffed Frog']/following::a[contains(text(),'Buy')][1]
[2025-06-02 09:52:31] [INFO] com.planit.tests.pages.ShoppingCartPage - Name of product the: 'Stuffed Frog' Price is $By.xpath: //h4[text()='Stuffed Frog']/following::a[contains(text(),'Buy')][1]
[2025-06-02 09:52:31] [INFO] com.planit.tests.pages.ShoppingCartPage - price of product: Stuffed Frog : unitPrice
[2025-06-02 09:52:31] [INFO] com.planit.tests.pages.ShoppingCartPage - price of product: 9.99
[2025-06-02 09:52:31] [INFO] com.planit.tests.pages.ShoppingCartPage - Name of product the: 'Fluffy Bunny' Price is $By.xpath: //h4[text()='Fluffy Bunny']/following::a[contains(text(),'Buy')][1]
[2025-06-02 09:52:31] [INFO] com.planit.tests.pages.ShoppingCartPage - Name of product the: 'Fluffy Bunny' Price is $By.xpath: //h4[text()='Fluffy Bunny']/following::a[contains(text(),'Buy')][1]
[2025-06-02 09:52:31] [INFO] com.planit.tests.pages.ShoppingCartPage - Name of product the: 'Fluffy Bunny' Price is $By.xpath: //h4[text()='Fluffy Bunny']/following::a[contains(text(),'Buy')][1]
[2025-06-02 09:52:32] [INFO] com.planit.tests.pages.ShoppingCartPage - Name of product the: 'Fluffy Bunny' Price is $By.xpath: //h4[text()='Fluffy Bunny']/following::a[contains(text(),'Buy')][1]
[2025-06-02 09:52:32] [INFO] com.planit.tests.pages.ShoppingCartPage - Name of product the: 'Fluffy Bunny' Price is $By.xpath: //h4[text()='Fluffy Bunny']/following::a[contains(text(),'Buy')][1]
[2025-06-02 09:52:32] [INFO] com.planit.tests.pages.ShoppingCartPage - price of product: Fluffy Bunny : unitPrice
[2025-06-02 09:52:32] [INFO] com.planit.tests.pages.ShoppingCartPage - price of product: 14.99
[2025-06-02 09:52:32] [INFO] com.planit.tests.pages.ShoppingCartPage - Name of product the: 'Valentine Bear' Price is $By.xpath: //h4[text()='Valentine Bear']/following::a[contains(text(),'Buy')][1]
[2025-06-02 09:52:32] [INFO] com.planit.tests.pages.ShoppingCartPage - Name of product the: 'Valentine Bear' Price is $By.xpath: //h4[text()='Valentine Bear']/following::a[contains(text(),'Buy')][1]
[2025-06-02 09:52:32] [INFO] com.planit.tests.pages.ShoppingCartPage - Name of product the: 'Valentine Bear' Price is $By.xpath: //h4[text()='Valentine Bear']/following::a[contains(text(),'Buy')][1]
[2025-06-02 09:52:32] [INFO] com.planit.tests.pages.ShoppingCartPage - price of product: Valentine Bear : unitPrice
[2025-06-02 09:52:33] [INFO] com.planit.tests.pages.ShoppingCartPage - user action on cartPage
[2025-06-02 09:52:36] [INFO] com.planit.tests.pages.ShoppingCartPage - web sub total value: 44.97
[2025-06-02 09:52:36] [INFO] com.planit.tests.pages.ShoppingCartPage - Product Price on web 14.99
[2025-06-02 09:52:36] [INFO] com.planit.tests.pages.ShoppingCartPage -  web total of all product:116.9
[2025-06-02 09:52:36] [INFO] com.planit.tests.pages.ShoppingCartPage - get the value of total from web nav bar116.9
[2025-06-02 09:52:36] [INFO] com.planit.tests.listeners.TestListener - ‚úÖ Test passed: testAddProductsToCart
[2025-06-02 09:52:36] [INFO] com.planit.tests.listeners.TestListener - üü° Test started: testEmptyFormValidation
[2025-06-02 09:52:37] [INFO] com.planit.tests.pages.ContactPage - user navigated in contact form
[2025-06-02 09:52:39] [INFO] com.planit.tests.pages.ContactPage - user perform click on on blank input
[2025-06-02 09:52:39] [INFO] com.planit.tests.pages.ContactPage - validation for blank error
[2025-06-02 09:52:39] [INFO] com.planit.tests.pages.ContactPage - validation for blank error
[2025-06-02 09:52:39] [INFO] com.planit.tests.pages.ContactPage - validation for blank error
[2025-06-02 09:52:41] [INFO] com.planit.tests.pages.ContactPage - validation for blank error gone
[2025-06-02 09:52:41] [INFO] com.planit.tests.pages.ContactPage - validation for blank error gone
[2025-06-02 09:52:41] [INFO] com.planit.tests.pages.ContactPage - validation for blank error gone
[2025-06-02 09:52:41] [INFO] com.planit.tests.listeners.TestListener - ‚úÖ Test passed: testEmptyFormValidation
[2025-06-02 09:52:41] [INFO] com.planit.tests.listeners.TestListener - üü° Test started: testValidFormSubmission
[2025-06-02 09:52:41] [INFO] com.planit.tests.pages.ContactPage - user navigated in contact form
[2025-06-02 09:52:43] [INFO] com.planit.tests.pages.ContactPage - user perform click on on blank input
[2025-06-02 09:52:43] [INFO] com.planit.tests.pages.ContactPage - waiting for pop-up
[2025-06-02 09:52:45] [INFO] com.planit.tests.pages.ContactPage - validation for Success message
[2025-06-02 09:52:45] [INFO] com.planit.tests.pages.ContactPage - user perform back operation on success screen
[2025-06-02 09:52:45] [INFO] com.planit.tests.listeners.TestListener - ‚úÖ Test passed: testValidFormSubmission
[2025-06-02 09:52:45] [INFO] com.planit.tests.listeners.TestListener - üü° Test started: testValidFormSubmission
[2025-06-02 09:52:45] [INFO] com.planit.tests.pages.ContactPage - user navigated in contact form
[2025-06-02 09:52:46] [INFO] com.planit.tests.pages.ContactPage - user perform click on on blank input
[2025-06-02 09:52:46] [INFO] com.planit.tests.pages.ContactPage - waiting for pop-up
[2025-06-02 09:52:48] [INFO] com.planit.tests.pages.ContactPage - validation for Success message
[2025-06-02 09:52:48] [INFO] com.planit.tests.pages.ContactPage - user perform back operation on success screen
[2025-06-02 09:52:48] [INFO] com.planit.tests.listeners.TestListener - ‚úÖ Test passed: testValidFormSubmission
[2025-06-02 09:52:48] [INFO] com.planit.tests.listeners.TestListener - üü° Test started: testValidFormSubmission
[2025-06-02 09:52:49] [INFO] com.planit.tests.pages.ContactPage - user navigated in contact form
[2025-06-02 09:52:49] [INFO] com.planit.tests.pages.ContactPage - user perform click on on blank input
[2025-06-02 09:52:49] [INFO] com.planit.tests.pages.ContactPage - waiting for pop-up
[2025-06-02 09:52:51] [INFO] com.planit.tests.pages.ContactPage - validation for Success message
[2025-06-02 09:52:51] [INFO] com.planit.tests.pages.ContactPage - user perform back operation on success screen
[2025-06-02 09:52:51] [INFO] com.planit.tests.listeners.TestListener - ‚úÖ Test passed: testValidFormSubmission
[2025-06-02 09:52:51] [INFO] com.planit.tests.listeners.TestListener - üü° Test started: testValidFormSubmission
[2025-06-02 09:52:51] [INFO] com.planit.tests.pages.ContactPage - user navigated in contact form
[2025-06-02 09:52:52] [INFO] com.planit.tests.pages.ContactPage - user perform click on on blank input
[2025-06-02 09:52:52] [INFO] com.planit.tests.pages.ContactPage - waiting for pop-up
[2025-06-02 09:53:05] [INFO] com.planit.tests.pages.ContactPage - validation for Success message
[2025-06-02 09:53:05] [INFO] com.planit.tests.pages.ContactPage - user perform back operation on success screen
[2025-06-02 09:53:05] [INFO] com.planit.tests.listeners.TestListener - ‚úÖ Test passed: testValidFormSubmission
[2025-06-02 09:53:05] [INFO] com.planit.tests.listeners.TestListener - üü° Test started: testValidFormSubmission
[2025-06-02 09:53:05] [INFO] com.planit.tests.pages.ContactPage - user navigated in contact form
[2025-06-02 09:53:05] [INFO] com.planit.tests.pages.ContactPage - user perform click on on blank input
[2025-06-02 09:53:05] [INFO] com.planit.tests.pages.ContactPage - waiting for pop-up
[2025-06-02 09:53:09] [INFO] com.planit.tests.pages.ContactPage - validation for Success message
[2025-06-02 09:53:09] [INFO] com.planit.tests.pages.ContactPage - user perform back operation on success screen
[2025-06-02 09:53:09] [INFO] com.planit.tests.listeners.TestListener - ‚úÖ Test passed: testValidFormSubmission
[2025-06-02 09:53:09] [INFO] com.planit.tests.base.BaseTest - Browser closed
[2025-06-02 09:53:09] [INFO] com.planit.tests.listeners.TestListener - === Test Suite finished ===
