<?xml version="1.0" encoding="UTF-8"?>
<testng-results ignored="1" total="6" passed="5" failed="0" skipped="0">
  <reporter-output>
  </reporter-output>
  <suite started-at="2025-06-07T16:05:07 AEST" name="Default suite" finished-at="2025-06-07T16:05:50 AEST" duration-ms="42660">
    <groups>
    </groups>
    <test started-at="2025-06-07T16:05:07 AEST" name="Default test" finished-at="2025-06-07T16:05:50 AEST" duration-ms="42660">
      <class name="com.planit.tests.testcases.ContactFormTest">
        <test-method is-config="true" signature="setup()[pri:0, instance:com.planit.tests.testcases.ContactFormTest@1cd201a8]" started-at="2025-06-07T16:05:07 AEST" name="setup" finished-at="2025-06-07T16:05:20 AEST" duration-ms="12845" status="PASS">
          <reporter-output>
          </reporter-output>
        </test-method> <!-- setup -->
        <test-method signature="testValidFormSubmission()[pri:2, instance:com.planit.tests.testcases.ContactFormTest@1cd201a8]" started-at="2025-06-07T16:05:20 AEST" name="testValidFormSubmission" finished-at="2025-06-07T16:05:26 AEST" duration-ms="6256" status="PASS">
          <reporter-output>
          </reporter-output>
        </test-method> <!-- testValidFormSubmission -->
        <test-method signature="testValidFormSubmission()[pri:2, instance:com.planit.tests.testcases.ContactFormTest@1cd201a8]" started-at="2025-06-07T16:05:26 AEST" name="testValidFormSubmission" finished-at="2025-06-07T16:05:31 AEST" duration-ms="4386" status="PASS">
          <reporter-output>
          </reporter-output>
        </test-method> <!-- testValidFormSubmission -->
        <test-method signature="testValidFormSubmission()[pri:2, instance:com.planit.tests.testcases.ContactFormTest@1cd201a8]" started-at="2025-06-07T16:05:31 AEST" name="testValidFormSubmission" finished-at="2025-06-07T16:05:34 AEST" duration-ms="3578" status="PASS">
          <reporter-output>
          </reporter-output>
        </test-method> <!-- testValidFormSubmission -->
        <test-method signature="testValidFormSubmission()[pri:2, instance:com.planit.tests.testcases.ContactFormTest@1cd201a8]" started-at="2025-06-07T16:05:34 AEST" name="testValidFormSubmission" finished-at="2025-06-07T16:05:37 AEST" duration-ms="2402" status="PASS">
          <reporter-output>
          </reporter-output>
        </test-method> <!-- testValidFormSubmission -->
        <test-method signature="testValidFormSubmission()[pri:2, instance:com.planit.tests.testcases.ContactFormTest@1cd201a8]" started-at="2025-06-07T16:05:37 AEST" name="testValidFormSubmission" finished-at="2025-06-07T16:05:50 AEST" duration-ms="12964" status="PASS">
          <reporter-output>
          </reporter-output>
        </test-method> <!-- testValidFormSubmission -->
        <test-method is-config="true" signature="teardown()[pri:0, instance:com.planit.tests.testcases.ContactFormTest@1cd201a8]" started-at="2025-06-07T16:05:50 AEST" name="teardown" finished-at="2025-06-07T16:05:50 AEST" duration-ms="167" status="PASS">
          <reporter-output>
          </reporter-output>
        </test-method> <!-- teardown -->
      </class> <!-- com.planit.tests.testcases.ContactFormTest -->
    </test> <!-- Default test -->
  </suite> <!-- Default suite -->
</testng-results>
